   1              		.syntax unified
   2              		.cpu cortex-m3
   3              		.fpu softvfp
   4              		.eabi_attribute 20, 1
   5              		.eabi_attribute 21, 1
   6              		.eabi_attribute 23, 3
   7              		.eabi_attribute 24, 1
   8              		.eabi_attribute 25, 1
   9              		.eabi_attribute 26, 1
  10              		.eabi_attribute 30, 6
  11              		.eabi_attribute 18, 4
  12              		.thumb
  13              		.file	"system_stm32f10x.c"
  23              	.Ltext0:
  24              		.file 1 "../CMSIS/system_stm32f10x.c"
 16182              		.align	2
 16185              	SystemCoreClock:
 16186 0000 00366E01 		.word	24000000
 16187              		.global	AHBPrescTable
 16188              		.section	.data.AHBPrescTable,"aw",%progbits
 16189              		.align	2
 16192              	AHBPrescTable:
 16193 0000 00       		.byte	0
 16194 0001 00       		.byte	0
 16195 0002 00       		.byte	0
 16196 0003 00       		.byte	0
 16197 0004 00       		.byte	0
 16198 0005 00       		.byte	0
 16199 0006 00       		.byte	0
 16200 0007 00       		.byte	0
 16201 0008 01       		.byte	1
 16202 0009 02       		.byte	2
 16203 000a 03       		.byte	3
 16204 000b 04       		.byte	4
 16205 000c 06       		.byte	6
 16206 000d 07       		.byte	7
 16207 000e 08       		.byte	8
 16208 000f 09       		.byte	9
 16209              		.section	.text.SystemInit,"ax",%progbits
 16210              		.align	2
 16211              		.global	SystemInit
 16212              		.thumb
 16213              		.thumb_func
 16215              	SystemInit:
 16216              	.LFB29:
   1:../CMSIS/system_stm32f10x.c **** /**
   2:../CMSIS/system_stm32f10x.c ****   ******************************************************************************
   3:../CMSIS/system_stm32f10x.c ****   * @file    system_stm32f10x.c
   4:../CMSIS/system_stm32f10x.c ****   * @author  MCD Application Team
   5:../CMSIS/system_stm32f10x.c ****   * @version V3.5.0
   6:../CMSIS/system_stm32f10x.c ****   * @date    11-March-2011
   7:../CMSIS/system_stm32f10x.c ****   * @brief   CMSIS Cortex-M3 Device Peripheral Access Layer System Source File.
   8:../CMSIS/system_stm32f10x.c ****   * 
   9:../CMSIS/system_stm32f10x.c ****   * 1.  This file provides two functions and one global variable to be called from 
  10:../CMSIS/system_stm32f10x.c ****   *     user application:
  11:../CMSIS/system_stm32f10x.c ****   *      - SystemInit(): Setups the system clock (System clock source, PLL Multiplier
  12:../CMSIS/system_stm32f10x.c ****   *                      factors, AHB/APBx prescalers and Flash settings). 
  13:../CMSIS/system_stm32f10x.c ****   *                      This function is called at startup just after reset and 
  14:../CMSIS/system_stm32f10x.c ****   *                      before branch to main program. This call is made inside
  15:../CMSIS/system_stm32f10x.c ****   *                      the "startup_stm32f10x_xx.s" file.
  16:../CMSIS/system_stm32f10x.c ****   *
  17:../CMSIS/system_stm32f10x.c ****   *      - SystemCoreClock variable: Contains the core clock (HCLK), it can be used
  18:../CMSIS/system_stm32f10x.c ****   *                                  by the user application to setup the SysTick 
  19:../CMSIS/system_stm32f10x.c ****   *                                  timer or configure other parameters.
  20:../CMSIS/system_stm32f10x.c ****   *                                     
  21:../CMSIS/system_stm32f10x.c ****   *      - SystemCoreClockUpdate(): Updates the variable SystemCoreClock and must
  22:../CMSIS/system_stm32f10x.c ****   *                                 be called whenever the core clock is changed
  23:../CMSIS/system_stm32f10x.c ****   *                                 during program execution.
  24:../CMSIS/system_stm32f10x.c ****   *
  25:../CMSIS/system_stm32f10x.c ****   * 2. After each device reset the HSI (8 MHz) is used as system clock source.
  26:../CMSIS/system_stm32f10x.c ****   *    Then SystemInit() function is called, in "startup_stm32f10x_xx.s" file, to
  27:../CMSIS/system_stm32f10x.c ****   *    configure the system clock before to branch to main program.
  28:../CMSIS/system_stm32f10x.c ****   *
  29:../CMSIS/system_stm32f10x.c ****   * 3. If the system clock source selected by user fails to startup, the SystemInit()
  30:../CMSIS/system_stm32f10x.c ****   *    function will do nothing and HSI still used as system clock source. User can 
  31:../CMSIS/system_stm32f10x.c ****   *    add some code to deal with this issue inside the SetSysClock() function.
  32:../CMSIS/system_stm32f10x.c ****   *
  33:../CMSIS/system_stm32f10x.c ****   * 4. The default value of HSE crystal is set to 8 MHz (or 25 MHz, depedning on
  34:../CMSIS/system_stm32f10x.c ****   *    the product used), refer to "HSE_VALUE" define in "stm32f10x.h" file. 
  35:../CMSIS/system_stm32f10x.c ****   *    When HSE is used as system clock source, directly or through PLL, and you
  36:../CMSIS/system_stm32f10x.c ****   *    are using different crystal you have to adapt the HSE value to your own
  37:../CMSIS/system_stm32f10x.c ****   *    configuration.
  38:../CMSIS/system_stm32f10x.c ****   *        
  39:../CMSIS/system_stm32f10x.c ****   ******************************************************************************
  40:../CMSIS/system_stm32f10x.c ****   * @attention
  41:../CMSIS/system_stm32f10x.c ****   *
  42:../CMSIS/system_stm32f10x.c ****   * THE PRESENT FIRMWARE WHICH IS FOR GUIDANCE ONLY AIMS AT PROVIDING CUSTOMERS
  43:../CMSIS/system_stm32f10x.c ****   * WITH CODING INFORMATION REGARDING THEIR PRODUCTS IN ORDER FOR THEM TO SAVE
  44:../CMSIS/system_stm32f10x.c ****   * TIME. AS A RESULT, STMICROELECTRONICS SHALL NOT BE HELD LIABLE FOR ANY
  45:../CMSIS/system_stm32f10x.c ****   * DIRECT, INDIRECT OR CONSEQUENTIAL DAMAGES WITH RESPECT TO ANY CLAIMS ARISING
  46:../CMSIS/system_stm32f10x.c ****   * FROM THE CONTENT OF SUCH FIRMWARE AND/OR THE USE MADE BY CUSTOMERS OF THE
  47:../CMSIS/system_stm32f10x.c ****   * CODING INFORMATION CONTAINED HEREIN IN CONNECTION WITH THEIR PRODUCTS.
  48:../CMSIS/system_stm32f10x.c ****   *
  49:../CMSIS/system_stm32f10x.c ****   * <h2><center>&copy; COPYRIGHT 2011 STMicroelectronics</center></h2>
  50:../CMSIS/system_stm32f10x.c ****   ******************************************************************************
  51:../CMSIS/system_stm32f10x.c ****   */
  52:../CMSIS/system_stm32f10x.c **** 
  53:../CMSIS/system_stm32f10x.c **** /** @addtogroup CMSIS
  54:../CMSIS/system_stm32f10x.c ****   * @{
  55:../CMSIS/system_stm32f10x.c ****   */
  56:../CMSIS/system_stm32f10x.c **** 
  57:../CMSIS/system_stm32f10x.c **** /** @addtogroup stm32f10x_system
  58:../CMSIS/system_stm32f10x.c ****   * @{
  59:../CMSIS/system_stm32f10x.c ****   */  
  60:../CMSIS/system_stm32f10x.c ****   
  61:../CMSIS/system_stm32f10x.c **** /** @addtogroup STM32F10x_System_Private_Includes
  62:../CMSIS/system_stm32f10x.c ****   * @{
  63:../CMSIS/system_stm32f10x.c ****   */
  64:../CMSIS/system_stm32f10x.c **** 
  65:../CMSIS/system_stm32f10x.c **** #include "stm32f10x.h"
  66:../CMSIS/system_stm32f10x.c **** 
  67:../CMSIS/system_stm32f10x.c **** /**
  68:../CMSIS/system_stm32f10x.c ****   * @}
  69:../CMSIS/system_stm32f10x.c ****   */
  70:../CMSIS/system_stm32f10x.c **** 
  71:../CMSIS/system_stm32f10x.c **** /** @addtogroup STM32F10x_System_Private_TypesDefinitions
  72:../CMSIS/system_stm32f10x.c ****   * @{
  73:../CMSIS/system_stm32f10x.c ****   */
  74:../CMSIS/system_stm32f10x.c **** 
  75:../CMSIS/system_stm32f10x.c **** /**
  76:../CMSIS/system_stm32f10x.c ****   * @}
  77:../CMSIS/system_stm32f10x.c ****   */
  78:../CMSIS/system_stm32f10x.c **** 
  79:../CMSIS/system_stm32f10x.c **** /** @addtogroup STM32F10x_System_Private_Defines
  80:../CMSIS/system_stm32f10x.c ****   * @{
  81:../CMSIS/system_stm32f10x.c ****   */
  82:../CMSIS/system_stm32f10x.c **** 
  83:../CMSIS/system_stm32f10x.c **** /*!< Uncomment the line corresponding to the desired System clock (SYSCLK)
  84:../CMSIS/system_stm32f10x.c ****    frequency (after reset the HSI is used as SYSCLK source)
  85:../CMSIS/system_stm32f10x.c ****    
  86:../CMSIS/system_stm32f10x.c ****    IMPORTANT NOTE:
  87:../CMSIS/system_stm32f10x.c ****    ============== 
  88:../CMSIS/system_stm32f10x.c ****    1. After each device reset the HSI is used as System clock source.
  89:../CMSIS/system_stm32f10x.c **** 
  90:../CMSIS/system_stm32f10x.c ****    2. Please make sure that the selected System clock doesn't exceed your device's
  91:../CMSIS/system_stm32f10x.c ****       maximum frequency.
  92:../CMSIS/system_stm32f10x.c ****       
  93:../CMSIS/system_stm32f10x.c ****    3. If none of the define below is enabled, the HSI is used as System clock
  94:../CMSIS/system_stm32f10x.c ****     source.
  95:../CMSIS/system_stm32f10x.c **** 
  96:../CMSIS/system_stm32f10x.c ****    4. The System clock configuration functions provided within this file assume that:
  97:../CMSIS/system_stm32f10x.c ****         - For Low, Medium and High density Value line devices an external 8MHz 
  98:../CMSIS/system_stm32f10x.c ****           crystal is used to drive the System clock.
  99:../CMSIS/system_stm32f10x.c ****         - For Low, Medium and High density devices an external 8MHz crystal is
 100:../CMSIS/system_stm32f10x.c ****           used to drive the System clock.
 101:../CMSIS/system_stm32f10x.c ****         - For Connectivity line devices an external 25MHz crystal is used to drive
 102:../CMSIS/system_stm32f10x.c ****           the System clock.
 103:../CMSIS/system_stm32f10x.c ****      If you are using different crystal you have to adapt those functions accordingly.
 104:../CMSIS/system_stm32f10x.c ****     */
 105:../CMSIS/system_stm32f10x.c ****     
 106:../CMSIS/system_stm32f10x.c **** #if defined (STM32F10X_LD_VL) || (defined STM32F10X_MD_VL) || (defined STM32F10X_HD_VL)
 107:../CMSIS/system_stm32f10x.c **** /* #define SYSCLK_FREQ_HSE    HSE_VALUE */
 108:../CMSIS/system_stm32f10x.c ****  #define SYSCLK_FREQ_24MHz  24000000
 109:../CMSIS/system_stm32f10x.c **** #else
 110:../CMSIS/system_stm32f10x.c **** /* #define SYSCLK_FREQ_HSE    HSE_VALUE */
 111:../CMSIS/system_stm32f10x.c **** /* #define SYSCLK_FREQ_24MHz  24000000 */ 
 112:../CMSIS/system_stm32f10x.c **** /* #define SYSCLK_FREQ_36MHz  36000000 */
 113:../CMSIS/system_stm32f10x.c **** /* #define SYSCLK_FREQ_48MHz  48000000 */
 114:../CMSIS/system_stm32f10x.c **** /* #define SYSCLK_FREQ_56MHz  56000000 */
 115:../CMSIS/system_stm32f10x.c **** #define SYSCLK_FREQ_72MHz  72000000
 116:../CMSIS/system_stm32f10x.c **** #endif
 117:../CMSIS/system_stm32f10x.c **** 
 118:../CMSIS/system_stm32f10x.c **** /*!< Uncomment the following line if you need to use external SRAM mounted
 119:../CMSIS/system_stm32f10x.c ****      on STM3210E-EVAL board (STM32 High density and XL-density devices) or on 
 120:../CMSIS/system_stm32f10x.c ****      STM32100E-EVAL board (STM32 High-density value line devices) as data memory */ 
 121:../CMSIS/system_stm32f10x.c **** #if defined (STM32F10X_HD) || (defined STM32F10X_XL) || (defined STM32F10X_HD_VL)
 122:../CMSIS/system_stm32f10x.c **** /* #define DATA_IN_ExtSRAM */
 123:../CMSIS/system_stm32f10x.c **** #endif
 124:../CMSIS/system_stm32f10x.c **** 
 125:../CMSIS/system_stm32f10x.c **** /*!< Uncomment the following line if you need to relocate your vector Table in
 126:../CMSIS/system_stm32f10x.c ****      Internal SRAM. */ 
 127:../CMSIS/system_stm32f10x.c **** /* #define VECT_TAB_SRAM */
 128:../CMSIS/system_stm32f10x.c **** #define VECT_TAB_OFFSET  0x0 /*!< Vector Table base offset field. 
 129:../CMSIS/system_stm32f10x.c ****                                   This value must be a multiple of 0x200. */
 130:../CMSIS/system_stm32f10x.c **** 
 131:../CMSIS/system_stm32f10x.c **** 
 132:../CMSIS/system_stm32f10x.c **** /**
 133:../CMSIS/system_stm32f10x.c ****   * @}
 134:../CMSIS/system_stm32f10x.c ****   */
 135:../CMSIS/system_stm32f10x.c **** 
 136:../CMSIS/system_stm32f10x.c **** /** @addtogroup STM32F10x_System_Private_Macros
 137:../CMSIS/system_stm32f10x.c ****   * @{
 138:../CMSIS/system_stm32f10x.c ****   */
 139:../CMSIS/system_stm32f10x.c **** 
 140:../CMSIS/system_stm32f10x.c **** /**
 141:../CMSIS/system_stm32f10x.c ****   * @}
 142:../CMSIS/system_stm32f10x.c ****   */
 143:../CMSIS/system_stm32f10x.c **** 
 144:../CMSIS/system_stm32f10x.c **** /** @addtogroup STM32F10x_System_Private_Variables
 145:../CMSIS/system_stm32f10x.c ****   * @{
 146:../CMSIS/system_stm32f10x.c ****   */
 147:../CMSIS/system_stm32f10x.c **** 
 148:../CMSIS/system_stm32f10x.c **** /*******************************************************************************
 149:../CMSIS/system_stm32f10x.c **** *  Clock Definitions
 150:../CMSIS/system_stm32f10x.c **** *******************************************************************************/
 151:../CMSIS/system_stm32f10x.c **** #ifdef SYSCLK_FREQ_HSE
 152:../CMSIS/system_stm32f10x.c ****   uint32_t SystemCoreClock         = SYSCLK_FREQ_HSE;        /*!< System Clock Frequency (Core Cloc
 153:../CMSIS/system_stm32f10x.c **** #elif defined SYSCLK_FREQ_24MHz
 154:../CMSIS/system_stm32f10x.c ****   uint32_t SystemCoreClock         = SYSCLK_FREQ_24MHz;        /*!< System Clock Frequency (Core Cl
 155:../CMSIS/system_stm32f10x.c **** #elif defined SYSCLK_FREQ_36MHz
 156:../CMSIS/system_stm32f10x.c ****   uint32_t SystemCoreClock         = SYSCLK_FREQ_36MHz;        /*!< System Clock Frequency (Core Cl
 157:../CMSIS/system_stm32f10x.c **** #elif defined SYSCLK_FREQ_48MHz
 158:../CMSIS/system_stm32f10x.c ****   uint32_t SystemCoreClock         = SYSCLK_FREQ_48MHz;        /*!< System Clock Frequency (Core Cl
 159:../CMSIS/system_stm32f10x.c **** #elif defined SYSCLK_FREQ_56MHz
 160:../CMSIS/system_stm32f10x.c ****   uint32_t SystemCoreClock         = SYSCLK_FREQ_56MHz;        /*!< System Clock Frequency (Core Cl
 161:../CMSIS/system_stm32f10x.c **** #elif defined SYSCLK_FREQ_72MHz
 162:../CMSIS/system_stm32f10x.c ****   uint32_t SystemCoreClock         = SYSCLK_FREQ_72MHz;        /*!< System Clock Frequency (Core Cl
 163:../CMSIS/system_stm32f10x.c **** #else /*!< HSI Selected as System Clock source */
 164:../CMSIS/system_stm32f10x.c ****   uint32_t SystemCoreClock         = HSI_VALUE;        /*!< System Clock Frequency (Core Clock) */
 165:../CMSIS/system_stm32f10x.c **** #endif
 166:../CMSIS/system_stm32f10x.c **** 
 167:../CMSIS/system_stm32f10x.c **** __I uint8_t AHBPrescTable[16] = {0, 0, 0, 0, 0, 0, 0, 0, 1, 2, 3, 4, 6, 7, 8, 9};
 168:../CMSIS/system_stm32f10x.c **** /**
 169:../CMSIS/system_stm32f10x.c ****   * @}
 170:../CMSIS/system_stm32f10x.c ****   */
 171:../CMSIS/system_stm32f10x.c **** 
 172:../CMSIS/system_stm32f10x.c **** /** @addtogroup STM32F10x_System_Private_FunctionPrototypes
 173:../CMSIS/system_stm32f10x.c ****   * @{
 174:../CMSIS/system_stm32f10x.c ****   */
 175:../CMSIS/system_stm32f10x.c **** 
 176:../CMSIS/system_stm32f10x.c **** static void SetSysClock(void);
 177:../CMSIS/system_stm32f10x.c **** 
 178:../CMSIS/system_stm32f10x.c **** #ifdef SYSCLK_FREQ_HSE
 179:../CMSIS/system_stm32f10x.c ****   static void SetSysClockToHSE(void);
 180:../CMSIS/system_stm32f10x.c **** #elif defined SYSCLK_FREQ_24MHz
 181:../CMSIS/system_stm32f10x.c ****   static void SetSysClockTo24(void);
 182:../CMSIS/system_stm32f10x.c **** #elif defined SYSCLK_FREQ_36MHz
 183:../CMSIS/system_stm32f10x.c ****   static void SetSysClockTo36(void);
 184:../CMSIS/system_stm32f10x.c **** #elif defined SYSCLK_FREQ_48MHz
 185:../CMSIS/system_stm32f10x.c ****   static void SetSysClockTo48(void);
 186:../CMSIS/system_stm32f10x.c **** #elif defined SYSCLK_FREQ_56MHz
 187:../CMSIS/system_stm32f10x.c ****   static void SetSysClockTo56(void);  
 188:../CMSIS/system_stm32f10x.c **** #elif defined SYSCLK_FREQ_72MHz
 189:../CMSIS/system_stm32f10x.c ****   static void SetSysClockTo72(void);
 190:../CMSIS/system_stm32f10x.c **** #endif
 191:../CMSIS/system_stm32f10x.c **** 
 192:../CMSIS/system_stm32f10x.c **** #ifdef DATA_IN_ExtSRAM
 193:../CMSIS/system_stm32f10x.c ****   static void SystemInit_ExtMemCtl(void); 
 194:../CMSIS/system_stm32f10x.c **** #endif /* DATA_IN_ExtSRAM */
 195:../CMSIS/system_stm32f10x.c **** 
 196:../CMSIS/system_stm32f10x.c **** /**
 197:../CMSIS/system_stm32f10x.c ****   * @}
 198:../CMSIS/system_stm32f10x.c ****   */
 199:../CMSIS/system_stm32f10x.c **** 
 200:../CMSIS/system_stm32f10x.c **** /** @addtogroup STM32F10x_System_Private_Functions
 201:../CMSIS/system_stm32f10x.c ****   * @{
 202:../CMSIS/system_stm32f10x.c ****   */
 203:../CMSIS/system_stm32f10x.c **** 
 204:../CMSIS/system_stm32f10x.c **** /**
 205:../CMSIS/system_stm32f10x.c ****   * @brief  Setup the microcontroller system
 206:../CMSIS/system_stm32f10x.c ****   *         Initialize the Embedded Flash Interface, the PLL and update the 
 207:../CMSIS/system_stm32f10x.c ****   *         SystemCoreClock variable.
 208:../CMSIS/system_stm32f10x.c ****   * @note   This function should be used only after reset.
 209:../CMSIS/system_stm32f10x.c ****   * @param  None
 210:../CMSIS/system_stm32f10x.c ****   * @retval None
 211:../CMSIS/system_stm32f10x.c ****   */
 212:../CMSIS/system_stm32f10x.c **** void SystemInit (void)
 213:../CMSIS/system_stm32f10x.c **** {
 16217              		.loc 1 213 0
 16218              		.cfi_startproc
 16219              		@ args = 0, pretend = 0, frame = 0
 16220              		@ frame_needed = 1, uses_anonymous_args = 0
 16221 0000 80B5     		push	{r7, lr}
 16222              	.LCFI0:
 16223              		.cfi_def_cfa_offset 8
 16224 0002 00AF     		add	r7, sp, #0
 16225              		.cfi_offset 14, -4
 16226              		.cfi_offset 7, -8
 16227              	.LCFI1:
 16228              		.cfi_def_cfa_register 7
 214:../CMSIS/system_stm32f10x.c ****   /* Reset the RCC clock configuration to the default reset state(for debug purpose) */
 215:../CMSIS/system_stm32f10x.c ****   /* Set HSION bit */
 216:../CMSIS/system_stm32f10x.c ****   RCC->CR |= (uint32_t)0x00000001;
 16229              		.loc 1 216 0
 16230 0004 174B     		ldr	r3, .L2
 16231 0006 174A     		ldr	r2, .L2
 16232 0008 1268     		ldr	r2, [r2, #0]
 16233 000a 42F00102 		orr	r2, r2, #1
 16234 000e 1A60     		str	r2, [r3, #0]
 217:../CMSIS/system_stm32f10x.c **** 
 218:../CMSIS/system_stm32f10x.c ****   /* Reset SW, HPRE, PPRE1, PPRE2, ADCPRE and MCO bits */
 219:../CMSIS/system_stm32f10x.c **** #ifndef STM32F10X_CL
 220:../CMSIS/system_stm32f10x.c ****   RCC->CFGR &= (uint32_t)0xF8FF0000;
 16235              		.loc 1 220 0
 16236 0010 144A     		ldr	r2, .L2
 16237 0012 144B     		ldr	r3, .L2
 16238 0014 5968     		ldr	r1, [r3, #4]
 16239 0016 144B     		ldr	r3, .L2+4
 16240 0018 01EA0303 		and	r3, r1, r3
 16241 001c 5360     		str	r3, [r2, #4]
 221:../CMSIS/system_stm32f10x.c **** #else
 222:../CMSIS/system_stm32f10x.c ****   RCC->CFGR &= (uint32_t)0xF0FF0000;
 223:../CMSIS/system_stm32f10x.c **** #endif /* STM32F10X_CL */   
 224:../CMSIS/system_stm32f10x.c ****   
 225:../CMSIS/system_stm32f10x.c ****   /* Reset HSEON, CSSON and PLLON bits */
 226:../CMSIS/system_stm32f10x.c ****   RCC->CR &= (uint32_t)0xFEF6FFFF;
 16242              		.loc 1 226 0
 16243 001e 114A     		ldr	r2, .L2
 16244 0020 104B     		ldr	r3, .L2
 16245 0022 1B68     		ldr	r3, [r3, #0]
 16246 0024 23F08473 		bic	r3, r3, #17301504
 16247 0028 23F48033 		bic	r3, r3, #65536
 16248 002c 1360     		str	r3, [r2, #0]
 227:../CMSIS/system_stm32f10x.c **** 
 228:../CMSIS/system_stm32f10x.c ****   /* Reset HSEBYP bit */
 229:../CMSIS/system_stm32f10x.c ****   RCC->CR &= (uint32_t)0xFFFBFFFF;
 16249              		.loc 1 229 0
 16250 002e 0D4B     		ldr	r3, .L2
 16251 0030 0C4A     		ldr	r2, .L2
 16252 0032 1268     		ldr	r2, [r2, #0]
 16253 0034 22F48022 		bic	r2, r2, #262144
 16254 0038 1A60     		str	r2, [r3, #0]
 230:../CMSIS/system_stm32f10x.c **** 
 231:../CMSIS/system_stm32f10x.c ****   /* Reset PLLSRC, PLLXTPRE, PLLMUL and USBPRE/OTGFSPRE bits */
 232:../CMSIS/system_stm32f10x.c ****   RCC->CFGR &= (uint32_t)0xFF80FFFF;
 16255              		.loc 1 232 0
 16256 003a 0A4B     		ldr	r3, .L2
 16257 003c 094A     		ldr	r2, .L2
 16258 003e 5268     		ldr	r2, [r2, #4]
 16259 0040 22F4FE02 		bic	r2, r2, #8323072
 16260 0044 5A60     		str	r2, [r3, #4]
 233:../CMSIS/system_stm32f10x.c **** 
 234:../CMSIS/system_stm32f10x.c **** #ifdef STM32F10X_CL
 235:../CMSIS/system_stm32f10x.c ****   /* Reset PLL2ON and PLL3ON bits */
 236:../CMSIS/system_stm32f10x.c ****   RCC->CR &= (uint32_t)0xEBFFFFFF;
 237:../CMSIS/system_stm32f10x.c **** 
 238:../CMSIS/system_stm32f10x.c ****   /* Disable all interrupts and clear pending bits  */
 239:../CMSIS/system_stm32f10x.c ****   RCC->CIR = 0x00FF0000;
 240:../CMSIS/system_stm32f10x.c **** 
 241:../CMSIS/system_stm32f10x.c ****   /* Reset CFGR2 register */
 242:../CMSIS/system_stm32f10x.c ****   RCC->CFGR2 = 0x00000000;
 243:../CMSIS/system_stm32f10x.c **** #elif defined (STM32F10X_LD_VL) || defined (STM32F10X_MD_VL) || (defined STM32F10X_HD_VL)
 244:../CMSIS/system_stm32f10x.c ****   /* Disable all interrupts and clear pending bits  */
 245:../CMSIS/system_stm32f10x.c ****   RCC->CIR = 0x009F0000;
 16261              		.loc 1 245 0
 16262 0046 074B     		ldr	r3, .L2
 16263 0048 4FF41F02 		mov	r2, #10420224
 16264 004c 9A60     		str	r2, [r3, #8]
 246:../CMSIS/system_stm32f10x.c **** 
 247:../CMSIS/system_stm32f10x.c ****   /* Reset CFGR2 register */
 248:../CMSIS/system_stm32f10x.c ****   RCC->CFGR2 = 0x00000000;      
 16265              		.loc 1 248 0
 16266 004e 054B     		ldr	r3, .L2
 16267 0050 4FF00002 		mov	r2, #0
 16268 0054 DA62     		str	r2, [r3, #44]
 249:../CMSIS/system_stm32f10x.c **** #else
 250:../CMSIS/system_stm32f10x.c ****   /* Disable all interrupts and clear pending bits  */
 251:../CMSIS/system_stm32f10x.c ****   RCC->CIR = 0x009F0000;
 252:../CMSIS/system_stm32f10x.c **** #endif /* STM32F10X_CL */
 253:../CMSIS/system_stm32f10x.c ****     
 254:../CMSIS/system_stm32f10x.c **** #if defined (STM32F10X_HD) || (defined STM32F10X_XL) || (defined STM32F10X_HD_VL)
 255:../CMSIS/system_stm32f10x.c ****   #ifdef DATA_IN_ExtSRAM
 256:../CMSIS/system_stm32f10x.c ****     SystemInit_ExtMemCtl(); 
 257:../CMSIS/system_stm32f10x.c ****   #endif /* DATA_IN_ExtSRAM */
 258:../CMSIS/system_stm32f10x.c **** #endif 
 259:../CMSIS/system_stm32f10x.c **** 
 260:../CMSIS/system_stm32f10x.c ****   /* Configure the System clock frequency, HCLK, PCLK2 and PCLK1 prescalers */
 261:../CMSIS/system_stm32f10x.c ****   /* Configure the Flash Latency cycles and enable prefetch buffer */
 262:../CMSIS/system_stm32f10x.c ****   SetSysClock();
 16269              		.loc 1 262 0
 16270 0056 FFF7FEFF 		bl	SetSysClock
 263:../CMSIS/system_stm32f10x.c **** 
 264:../CMSIS/system_stm32f10x.c **** #ifdef VECT_TAB_SRAM
 265:../CMSIS/system_stm32f10x.c ****   SCB->VTOR = SRAM_BASE | VECT_TAB_OFFSET; /* Vector Table Relocation in Internal SRAM. */
 266:../CMSIS/system_stm32f10x.c **** #else
 267:../CMSIS/system_stm32f10x.c ****   SCB->VTOR = FLASH_BASE | VECT_TAB_OFFSET; /* Vector Table Relocation in Internal FLASH. */
 16271              		.loc 1 267 0
 16272 005a 044B     		ldr	r3, .L2+8
 16273 005c 4FF00062 		mov	r2, #134217728
 16274 0060 9A60     		str	r2, [r3, #8]
 268:../CMSIS/system_stm32f10x.c **** #endif 
 269:../CMSIS/system_stm32f10x.c **** }
 16275              		.loc 1 269 0
 16276 0062 80BD     		pop	{r7, pc}
 16277              	.L3:
 16278              		.align	2
 16279              	.L2:
 16280 0064 00100240 		.word	1073876992
 16281 0068 0000FFF8 		.word	-117506048
 16282 006c 00ED00E0 		.word	-536810240
 16283              		.cfi_endproc
 16284              	.LFE29:
 16286              		.section	.text.SystemCoreClockUpdate,"ax",%progbits
 16287              		.align	2
 16288              		.global	SystemCoreClockUpdate
 16289              		.thumb
 16290              		.thumb_func
 16292              	SystemCoreClockUpdate:
 16293              	.LFB30:
 270:../CMSIS/system_stm32f10x.c **** 
 271:../CMSIS/system_stm32f10x.c **** /**
 272:../CMSIS/system_stm32f10x.c ****   * @brief  Update SystemCoreClock variable according to Clock Register Values.
 273:../CMSIS/system_stm32f10x.c ****   *         The SystemCoreClock variable contains the core clock (HCLK), it can
 274:../CMSIS/system_stm32f10x.c ****   *         be used by the user application to setup the SysTick timer or configure
 275:../CMSIS/system_stm32f10x.c ****   *         other parameters.
 276:../CMSIS/system_stm32f10x.c ****   *           
 277:../CMSIS/system_stm32f10x.c ****   * @note   Each time the core clock (HCLK) changes, this function must be called
 278:../CMSIS/system_stm32f10x.c ****   *         to update SystemCoreClock variable value. Otherwise, any configuration
 279:../CMSIS/system_stm32f10x.c ****   *         based on this variable will be incorrect.         
 280:../CMSIS/system_stm32f10x.c ****   *     
 281:../CMSIS/system_stm32f10x.c ****   * @note   - The system frequency computed by this function is not the real 
 282:../CMSIS/system_stm32f10x.c ****   *           frequency in the chip. It is calculated based on the predefined 
 283:../CMSIS/system_stm32f10x.c ****   *           constant and the selected clock source:
 284:../CMSIS/system_stm32f10x.c ****   *             
 285:../CMSIS/system_stm32f10x.c ****   *           - If SYSCLK source is HSI, SystemCoreClock will contain the HSI_VALUE(*)
 286:../CMSIS/system_stm32f10x.c ****   *                                              
 287:../CMSIS/system_stm32f10x.c ****   *           - If SYSCLK source is HSE, SystemCoreClock will contain the HSE_VALUE(**)
 288:../CMSIS/system_stm32f10x.c ****   *                          
 289:../CMSIS/system_stm32f10x.c ****   *           - If SYSCLK source is PLL, SystemCoreClock will contain the HSE_VALUE(**) 
 290:../CMSIS/system_stm32f10x.c ****   *             or HSI_VALUE(*) multiplied by the PLL factors.
 291:../CMSIS/system_stm32f10x.c ****   *         
 292:../CMSIS/system_stm32f10x.c ****   *         (*) HSI_VALUE is a constant defined in stm32f1xx.h file (default value
 293:../CMSIS/system_stm32f10x.c ****   *             8 MHz) but the real value may vary depending on the variations
 294:../CMSIS/system_stm32f10x.c ****   *             in voltage and temperature.   
 295:../CMSIS/system_stm32f10x.c ****   *    
 296:../CMSIS/system_stm32f10x.c ****   *         (**) HSE_VALUE is a constant defined in stm32f1xx.h file (default value
 297:../CMSIS/system_stm32f10x.c ****   *              8 MHz or 25 MHz, depedning on the product used), user has to ensure
 298:../CMSIS/system_stm32f10x.c ****   *              that HSE_VALUE is same as the real frequency of the crystal used.
 299:../CMSIS/system_stm32f10x.c ****   *              Otherwise, this function may have wrong result.
 300:../CMSIS/system_stm32f10x.c ****   *                
 301:../CMSIS/system_stm32f10x.c ****   *         - The result of this function could be not correct when using fractional
 302:../CMSIS/system_stm32f10x.c ****   *           value for HSE crystal.
 303:../CMSIS/system_stm32f10x.c ****   * @param  None
 304:../CMSIS/system_stm32f10x.c ****   * @retval None
 305:../CMSIS/system_stm32f10x.c ****   */
 306:../CMSIS/system_stm32f10x.c **** void SystemCoreClockUpdate (void)
 307:../CMSIS/system_stm32f10x.c **** {
 16294              		.loc 1 307 0
 16295              		.cfi_startproc
 16296              		@ args = 0, pretend = 0, frame = 16
 16297              		@ frame_needed = 1, uses_anonymous_args = 0
 16298              		@ link register save eliminated.
 16299 0000 80B4     		push	{r7}
 16300              	.LCFI2:
 16301              		.cfi_def_cfa_offset 4
 16302 0002 85B0     		sub	sp, sp, #20
 16303              	.LCFI3:
 16304              		.cfi_def_cfa_offset 24
 16305 0004 00AF     		add	r7, sp, #0
 16306              		.cfi_offset 7, -4
 16307              	.LCFI4:
 16308              		.cfi_def_cfa_register 7
 308:../CMSIS/system_stm32f10x.c ****   uint32_t tmp = 0, pllmull = 0, pllsource = 0;
 16309              		.loc 1 308 0
 16310 0006 4FF00003 		mov	r3, #0
 16311 000a FB60     		str	r3, [r7, #12]
 16312 000c 4FF00003 		mov	r3, #0
 16313 0010 BB60     		str	r3, [r7, #8]
 16314 0012 4FF00003 		mov	r3, #0
 16315 0016 7B60     		str	r3, [r7, #4]
 309:../CMSIS/system_stm32f10x.c **** 
 310:../CMSIS/system_stm32f10x.c **** #ifdef  STM32F10X_CL
 311:../CMSIS/system_stm32f10x.c ****   uint32_t prediv1source = 0, prediv1factor = 0, prediv2factor = 0, pll2mull = 0;
 312:../CMSIS/system_stm32f10x.c **** #endif /* STM32F10X_CL */
 313:../CMSIS/system_stm32f10x.c **** 
 314:../CMSIS/system_stm32f10x.c **** #if defined (STM32F10X_LD_VL) || defined (STM32F10X_MD_VL) || (defined STM32F10X_HD_VL)
 315:../CMSIS/system_stm32f10x.c ****   uint32_t prediv1factor = 0;
 16316              		.loc 1 315 0
 16317 0018 4FF00003 		mov	r3, #0
 16318 001c 3B60     		str	r3, [r7, #0]
 316:../CMSIS/system_stm32f10x.c **** #endif /* STM32F10X_LD_VL or STM32F10X_MD_VL or STM32F10X_HD_VL */
 317:../CMSIS/system_stm32f10x.c ****     
 318:../CMSIS/system_stm32f10x.c ****   /* Get SYSCLK source -------------------------------------------------------*/
 319:../CMSIS/system_stm32f10x.c ****   tmp = RCC->CFGR & RCC_CFGR_SWS;
 16319              		.loc 1 319 0
 16320 001e 2C4B     		ldr	r3, .L13
 16321 0020 5B68     		ldr	r3, [r3, #4]
 16322 0022 03F00C03 		and	r3, r3, #12
 16323 0026 FB60     		str	r3, [r7, #12]
 320:../CMSIS/system_stm32f10x.c ****   
 321:../CMSIS/system_stm32f10x.c ****   switch (tmp)
 16324              		.loc 1 321 0
 16325 0028 FB68     		ldr	r3, [r7, #12]
 16326 002a 042B     		cmp	r3, #4
 16327 002c 07D0     		beq	.L7
 16328 002e 082B     		cmp	r3, #8
 16329 0030 09D0     		beq	.L8
 16330 0032 002B     		cmp	r3, #0
 16331 0034 32D1     		bne	.L12
 16332              	.L6:
 322:../CMSIS/system_stm32f10x.c ****   {
 323:../CMSIS/system_stm32f10x.c ****     case 0x00:  /* HSI used as system clock */
 324:../CMSIS/system_stm32f10x.c ****       SystemCoreClock = HSI_VALUE;
 16333              		.loc 1 324 0
 16334 0036 274B     		ldr	r3, .L13+4
 16335 0038 274A     		ldr	r2, .L13+8
 16336 003a 1A60     		str	r2, [r3, #0]
 325:../CMSIS/system_stm32f10x.c ****       break;
 16337              		.loc 1 325 0
 16338 003c 32E0     		b	.L9
 16339              	.L7:
 326:../CMSIS/system_stm32f10x.c ****     case 0x04:  /* HSE used as system clock */
 327:../CMSIS/system_stm32f10x.c ****       SystemCoreClock = HSE_VALUE;
 16340              		.loc 1 327 0
 16341 003e 254B     		ldr	r3, .L13+4
 16342 0040 254A     		ldr	r2, .L13+8
 16343 0042 1A60     		str	r2, [r3, #0]
 328:../CMSIS/system_stm32f10x.c ****       break;
 16344              		.loc 1 328 0
 16345 0044 2EE0     		b	.L9
 16346              	.L8:
 329:../CMSIS/system_stm32f10x.c ****     case 0x08:  /* PLL used as system clock */
 330:../CMSIS/system_stm32f10x.c **** 
 331:../CMSIS/system_stm32f10x.c ****       /* Get PLL clock source and multiplication factor ----------------------*/
 332:../CMSIS/system_stm32f10x.c ****       pllmull = RCC->CFGR & RCC_CFGR_PLLMULL;
 16347              		.loc 1 332 0
 16348 0046 224B     		ldr	r3, .L13
 16349 0048 5B68     		ldr	r3, [r3, #4]
 16350 004a 03F47013 		and	r3, r3, #3932160
 16351 004e BB60     		str	r3, [r7, #8]
 333:../CMSIS/system_stm32f10x.c ****       pllsource = RCC->CFGR & RCC_CFGR_PLLSRC;
 16352              		.loc 1 333 0
 16353 0050 1F4B     		ldr	r3, .L13
 16354 0052 5B68     		ldr	r3, [r3, #4]
 16355 0054 03F48033 		and	r3, r3, #65536
 16356 0058 7B60     		str	r3, [r7, #4]
 334:../CMSIS/system_stm32f10x.c ****       
 335:../CMSIS/system_stm32f10x.c **** #ifndef STM32F10X_CL      
 336:../CMSIS/system_stm32f10x.c ****       pllmull = ( pllmull >> 18) + 2;
 16357              		.loc 1 336 0
 16358 005a BB68     		ldr	r3, [r7, #8]
 16359 005c 4FEA9343 		lsr	r3, r3, #18
 16360 0060 03F10203 		add	r3, r3, #2
 16361 0064 BB60     		str	r3, [r7, #8]
 337:../CMSIS/system_stm32f10x.c ****       
 338:../CMSIS/system_stm32f10x.c ****       if (pllsource == 0x00)
 16362              		.loc 1 338 0
 16363 0066 7B68     		ldr	r3, [r7, #4]
 16364 0068 002B     		cmp	r3, #0
 16365 006a 06D1     		bne	.L10
 339:../CMSIS/system_stm32f10x.c ****       {
 340:../CMSIS/system_stm32f10x.c ****         /* HSI oscillator clock divided by 2 selected as PLL clock entry */
 341:../CMSIS/system_stm32f10x.c ****         SystemCoreClock = (HSI_VALUE >> 1) * pllmull;
 16366              		.loc 1 341 0
 16367 006c BB68     		ldr	r3, [r7, #8]
 16368 006e 1B4A     		ldr	r2, .L13+12
 16369 0070 02FB03F2 		mul	r2, r2, r3
 16370 0074 174B     		ldr	r3, .L13+4
 16371 0076 1A60     		str	r2, [r3, #0]
 342:../CMSIS/system_stm32f10x.c ****       }
 343:../CMSIS/system_stm32f10x.c ****       else
 344:../CMSIS/system_stm32f10x.c ****       {
 345:../CMSIS/system_stm32f10x.c ****  #if defined (STM32F10X_LD_VL) || defined (STM32F10X_MD_VL) || (defined STM32F10X_HD_VL)
 346:../CMSIS/system_stm32f10x.c ****        prediv1factor = (RCC->CFGR2 & RCC_CFGR2_PREDIV1) + 1;
 347:../CMSIS/system_stm32f10x.c ****        /* HSE oscillator clock selected as PREDIV1 clock entry */
 348:../CMSIS/system_stm32f10x.c ****        SystemCoreClock = (HSE_VALUE / prediv1factor) * pllmull; 
 349:../CMSIS/system_stm32f10x.c ****  #else
 350:../CMSIS/system_stm32f10x.c ****         /* HSE selected as PLL clock entry */
 351:../CMSIS/system_stm32f10x.c ****         if ((RCC->CFGR & RCC_CFGR_PLLXTPRE) != (uint32_t)RESET)
 352:../CMSIS/system_stm32f10x.c ****         {/* HSE oscillator clock divided by 2 */
 353:../CMSIS/system_stm32f10x.c ****           SystemCoreClock = (HSE_VALUE >> 1) * pllmull;
 354:../CMSIS/system_stm32f10x.c ****         }
 355:../CMSIS/system_stm32f10x.c ****         else
 356:../CMSIS/system_stm32f10x.c ****         {
 357:../CMSIS/system_stm32f10x.c ****           SystemCoreClock = HSE_VALUE * pllmull;
 358:../CMSIS/system_stm32f10x.c ****         }
 359:../CMSIS/system_stm32f10x.c ****  #endif
 360:../CMSIS/system_stm32f10x.c ****       }
 361:../CMSIS/system_stm32f10x.c **** #else
 362:../CMSIS/system_stm32f10x.c ****       pllmull = pllmull >> 18;
 363:../CMSIS/system_stm32f10x.c ****       
 364:../CMSIS/system_stm32f10x.c ****       if (pllmull != 0x0D)
 365:../CMSIS/system_stm32f10x.c ****       {
 366:../CMSIS/system_stm32f10x.c ****          pllmull += 2;
 367:../CMSIS/system_stm32f10x.c ****       }
 368:../CMSIS/system_stm32f10x.c ****       else
 369:../CMSIS/system_stm32f10x.c ****       { /* PLL multiplication factor = PLL input clock * 6.5 */
 370:../CMSIS/system_stm32f10x.c ****         pllmull = 13 / 2; 
 371:../CMSIS/system_stm32f10x.c ****       }
 372:../CMSIS/system_stm32f10x.c ****             
 373:../CMSIS/system_stm32f10x.c ****       if (pllsource == 0x00)
 374:../CMSIS/system_stm32f10x.c ****       {
 375:../CMSIS/system_stm32f10x.c ****         /* HSI oscillator clock divided by 2 selected as PLL clock entry */
 376:../CMSIS/system_stm32f10x.c ****         SystemCoreClock = (HSI_VALUE >> 1) * pllmull;
 377:../CMSIS/system_stm32f10x.c ****       }
 378:../CMSIS/system_stm32f10x.c ****       else
 379:../CMSIS/system_stm32f10x.c ****       {/* PREDIV1 selected as PLL clock entry */
 380:../CMSIS/system_stm32f10x.c ****         
 381:../CMSIS/system_stm32f10x.c ****         /* Get PREDIV1 clock source and division factor */
 382:../CMSIS/system_stm32f10x.c ****         prediv1source = RCC->CFGR2 & RCC_CFGR2_PREDIV1SRC;
 383:../CMSIS/system_stm32f10x.c ****         prediv1factor = (RCC->CFGR2 & RCC_CFGR2_PREDIV1) + 1;
 384:../CMSIS/system_stm32f10x.c ****         
 385:../CMSIS/system_stm32f10x.c ****         if (prediv1source == 0)
 386:../CMSIS/system_stm32f10x.c ****         { 
 387:../CMSIS/system_stm32f10x.c ****           /* HSE oscillator clock selected as PREDIV1 clock entry */
 388:../CMSIS/system_stm32f10x.c ****           SystemCoreClock = (HSE_VALUE / prediv1factor) * pllmull;          
 389:../CMSIS/system_stm32f10x.c ****         }
 390:../CMSIS/system_stm32f10x.c ****         else
 391:../CMSIS/system_stm32f10x.c ****         {/* PLL2 clock selected as PREDIV1 clock entry */
 392:../CMSIS/system_stm32f10x.c ****           
 393:../CMSIS/system_stm32f10x.c ****           /* Get PREDIV2 division factor and PLL2 multiplication factor */
 394:../CMSIS/system_stm32f10x.c ****           prediv2factor = ((RCC->CFGR2 & RCC_CFGR2_PREDIV2) >> 4) + 1;
 395:../CMSIS/system_stm32f10x.c ****           pll2mull = ((RCC->CFGR2 & RCC_CFGR2_PLL2MUL) >> 8 ) + 2; 
 396:../CMSIS/system_stm32f10x.c ****           SystemCoreClock = (((HSE_VALUE / prediv2factor) * pll2mull) / prediv1factor) * pllmull;  
 397:../CMSIS/system_stm32f10x.c ****         }
 398:../CMSIS/system_stm32f10x.c ****       }
 399:../CMSIS/system_stm32f10x.c **** #endif /* STM32F10X_CL */ 
 400:../CMSIS/system_stm32f10x.c ****       break;
 16372              		.loc 1 400 0
 16373 0078 14E0     		b	.L9
 16374              	.L10:
 346:../CMSIS/system_stm32f10x.c ****        prediv1factor = (RCC->CFGR2 & RCC_CFGR2_PREDIV1) + 1;
 16375              		.loc 1 346 0
 16376 007a 154B     		ldr	r3, .L13
 16377 007c DB6A     		ldr	r3, [r3, #44]
 16378 007e 03F00F03 		and	r3, r3, #15
 16379 0082 03F10103 		add	r3, r3, #1
 16380 0086 3B60     		str	r3, [r7, #0]
 348:../CMSIS/system_stm32f10x.c ****        SystemCoreClock = (HSE_VALUE / prediv1factor) * pllmull; 
 16381              		.loc 1 348 0
 16382 0088 134A     		ldr	r2, .L13+8
 16383 008a 3B68     		ldr	r3, [r7, #0]
 16384 008c B2FBF3F3 		udiv	r3, r2, r3
 16385 0090 BA68     		ldr	r2, [r7, #8]
 16386 0092 02FB03F2 		mul	r2, r2, r3
 16387 0096 0F4B     		ldr	r3, .L13+4
 16388 0098 1A60     		str	r2, [r3, #0]
 16389              		.loc 1 400 0
 16390 009a 03E0     		b	.L9
 16391              	.L12:
 401:../CMSIS/system_stm32f10x.c **** 
 402:../CMSIS/system_stm32f10x.c ****     default:
 403:../CMSIS/system_stm32f10x.c ****       SystemCoreClock = HSI_VALUE;
 16392              		.loc 1 403 0
 16393 009c 0D4B     		ldr	r3, .L13+4
 16394 009e 0E4A     		ldr	r2, .L13+8
 16395 00a0 1A60     		str	r2, [r3, #0]
 404:../CMSIS/system_stm32f10x.c ****       break;
 16396              		.loc 1 404 0
 16397 00a2 00BF     		nop
 16398              	.L9:
 405:../CMSIS/system_stm32f10x.c ****   }
 406:../CMSIS/system_stm32f10x.c ****   
 407:../CMSIS/system_stm32f10x.c ****   /* Compute HCLK clock frequency ----------------*/
 408:../CMSIS/system_stm32f10x.c ****   /* Get HCLK prescaler */
 409:../CMSIS/system_stm32f10x.c ****   tmp = AHBPrescTable[((RCC->CFGR & RCC_CFGR_HPRE) >> 4)];
 16399              		.loc 1 409 0
 16400 00a4 0A4B     		ldr	r3, .L13
 16401 00a6 5B68     		ldr	r3, [r3, #4]
 16402 00a8 03F0F003 		and	r3, r3, #240
 16403 00ac 4FEA1313 		lsr	r3, r3, #4
 16404 00b0 0B4A     		ldr	r2, .L13+16
 16405 00b2 D35C     		ldrb	r3, [r2, r3]
 16406 00b4 DBB2     		uxtb	r3, r3
 16407 00b6 FB60     		str	r3, [r7, #12]
 410:../CMSIS/system_stm32f10x.c ****   /* HCLK clock frequency */
 411:../CMSIS/system_stm32f10x.c ****   SystemCoreClock >>= tmp;  
 16408              		.loc 1 411 0
 16409 00b8 064B     		ldr	r3, .L13+4
 16410 00ba 1A68     		ldr	r2, [r3, #0]
 16411 00bc FB68     		ldr	r3, [r7, #12]
 16412 00be 22FA03F2 		lsr	r2, r2, r3
 16413 00c2 044B     		ldr	r3, .L13+4
 16414 00c4 1A60     		str	r2, [r3, #0]
 412:../CMSIS/system_stm32f10x.c **** }
 16415              		.loc 1 412 0
 16416 00c6 07F11407 		add	r7, r7, #20
 16417 00ca BD46     		mov	sp, r7
 16418 00cc 80BC     		pop	{r7}
 16419 00ce 7047     		bx	lr
 16420              	.L14:
 16421              		.align	2
 16422              	.L13:
 16423 00d0 00100240 		.word	1073876992
 16424 00d4 00000000 		.word	SystemCoreClock
 16425 00d8 00127A00 		.word	8000000
 16426 00dc 00093D00 		.word	4000000
 16427 00e0 00000000 		.word	AHBPrescTable
 16428              		.cfi_endproc
 16429              	.LFE30:
 16431              		.section	.text.SetSysClock,"ax",%progbits
 16432              		.align	2
 16433              		.thumb
 16434              		.thumb_func
 16436              	SetSysClock:
 16437              	.LFB31:
 413:../CMSIS/system_stm32f10x.c **** 
 414:../CMSIS/system_stm32f10x.c **** /**
 415:../CMSIS/system_stm32f10x.c ****   * @brief  Configures the System clock frequency, HCLK, PCLK2 and PCLK1 prescalers.
 416:../CMSIS/system_stm32f10x.c ****   * @param  None
 417:../CMSIS/system_stm32f10x.c ****   * @retval None
 418:../CMSIS/system_stm32f10x.c ****   */
 419:../CMSIS/system_stm32f10x.c **** static void SetSysClock(void)
 420:../CMSIS/system_stm32f10x.c **** {
 16438              		.loc 1 420 0
 16439              		.cfi_startproc
 16440              		@ args = 0, pretend = 0, frame = 0
 16441              		@ frame_needed = 1, uses_anonymous_args = 0
 16442 0000 80B5     		push	{r7, lr}
 16443              	.LCFI5:
 16444              		.cfi_def_cfa_offset 8
 16445 0002 00AF     		add	r7, sp, #0
 16446              		.cfi_offset 14, -4
 16447              		.cfi_offset 7, -8
 16448              	.LCFI6:
 16449              		.cfi_def_cfa_register 7
 421:../CMSIS/system_stm32f10x.c **** #ifdef SYSCLK_FREQ_HSE
 422:../CMSIS/system_stm32f10x.c ****   SetSysClockToHSE();
 423:../CMSIS/system_stm32f10x.c **** #elif defined SYSCLK_FREQ_24MHz
 424:../CMSIS/system_stm32f10x.c ****   SetSysClockTo24();
 16450              		.loc 1 424 0
 16451 0004 FFF7FEFF 		bl	SetSysClockTo24
 425:../CMSIS/system_stm32f10x.c **** #elif defined SYSCLK_FREQ_36MHz
 426:../CMSIS/system_stm32f10x.c ****   SetSysClockTo36();
 427:../CMSIS/system_stm32f10x.c **** #elif defined SYSCLK_FREQ_48MHz
 428:../CMSIS/system_stm32f10x.c ****   SetSysClockTo48();
 429:../CMSIS/system_stm32f10x.c **** #elif defined SYSCLK_FREQ_56MHz
 430:../CMSIS/system_stm32f10x.c ****   SetSysClockTo56();  
 431:../CMSIS/system_stm32f10x.c **** #elif defined SYSCLK_FREQ_72MHz
 432:../CMSIS/system_stm32f10x.c ****   SetSysClockTo72();
 433:../CMSIS/system_stm32f10x.c **** #endif
 434:../CMSIS/system_stm32f10x.c ****  
 435:../CMSIS/system_stm32f10x.c ****  /* If none of the define above is enabled, the HSI is used as System clock
 436:../CMSIS/system_stm32f10x.c ****     source (default after reset) */ 
 437:../CMSIS/system_stm32f10x.c **** }
 16452              		.loc 1 437 0
 16453 0008 80BD     		pop	{r7, pc}
 16454              		.cfi_endproc
 16455              	.LFE31:
 16457 000a 00BF     		.section	.text.SetSysClockTo24,"ax",%progbits
 16458              		.align	2
 16459              		.thumb
 16460              		.thumb_func
 16462              	SetSysClockTo24:
 16463              	.LFB32:
 438:../CMSIS/system_stm32f10x.c **** 
 439:../CMSIS/system_stm32f10x.c **** /**
 440:../CMSIS/system_stm32f10x.c ****   * @brief  Setup the external memory controller. Called in startup_stm32f10x.s 
 441:../CMSIS/system_stm32f10x.c ****   *          before jump to __main
 442:../CMSIS/system_stm32f10x.c ****   * @param  None
 443:../CMSIS/system_stm32f10x.c ****   * @retval None
 444:../CMSIS/system_stm32f10x.c ****   */ 
 445:../CMSIS/system_stm32f10x.c **** #ifdef DATA_IN_ExtSRAM
 446:../CMSIS/system_stm32f10x.c **** /**
 447:../CMSIS/system_stm32f10x.c ****   * @brief  Setup the external memory controller. 
 448:../CMSIS/system_stm32f10x.c ****   *         Called in startup_stm32f10x_xx.s/.c before jump to main.
 449:../CMSIS/system_stm32f10x.c ****   * 	      This function configures the external SRAM mounted on STM3210E-EVAL
 450:../CMSIS/system_stm32f10x.c ****   *         board (STM32 High density devices). This SRAM will be used as program
 451:../CMSIS/system_stm32f10x.c ****   *         data memory (including heap and stack).
 452:../CMSIS/system_stm32f10x.c ****   * @param  None
 453:../CMSIS/system_stm32f10x.c ****   * @retval None
 454:../CMSIS/system_stm32f10x.c ****   */ 
 455:../CMSIS/system_stm32f10x.c **** void SystemInit_ExtMemCtl(void) 
 456:../CMSIS/system_stm32f10x.c **** {
 457:../CMSIS/system_stm32f10x.c **** /*!< FSMC Bank1 NOR/SRAM3 is used for the STM3210E-EVAL, if another Bank is 
 458:../CMSIS/system_stm32f10x.c ****   required, then adjust the Register Addresses */
 459:../CMSIS/system_stm32f10x.c **** 
 460:../CMSIS/system_stm32f10x.c ****   /* Enable FSMC clock */
 461:../CMSIS/system_stm32f10x.c ****   RCC->AHBENR = 0x00000114;
 462:../CMSIS/system_stm32f10x.c ****   
 463:../CMSIS/system_stm32f10x.c ****   /* Enable GPIOD, GPIOE, GPIOF and GPIOG clocks */  
 464:../CMSIS/system_stm32f10x.c ****   RCC->APB2ENR = 0x000001E0;
 465:../CMSIS/system_stm32f10x.c ****   
 466:../CMSIS/system_stm32f10x.c **** /* ---------------  SRAM Data lines, NOE and NWE configuration ---------------*/
 467:../CMSIS/system_stm32f10x.c **** /*----------------  SRAM Address lines configuration -------------------------*/
 468:../CMSIS/system_stm32f10x.c **** /*----------------  NOE and NWE configuration --------------------------------*/  
 469:../CMSIS/system_stm32f10x.c **** /*----------------  NE3 configuration ----------------------------------------*/
 470:../CMSIS/system_stm32f10x.c **** /*----------------  NBL0, NBL1 configuration ---------------------------------*/
 471:../CMSIS/system_stm32f10x.c ****   
 472:../CMSIS/system_stm32f10x.c ****   GPIOD->CRL = 0x44BB44BB;  
 473:../CMSIS/system_stm32f10x.c ****   GPIOD->CRH = 0xBBBBBBBB;
 474:../CMSIS/system_stm32f10x.c **** 
 475:../CMSIS/system_stm32f10x.c ****   GPIOE->CRL = 0xB44444BB;  
 476:../CMSIS/system_stm32f10x.c ****   GPIOE->CRH = 0xBBBBBBBB;
 477:../CMSIS/system_stm32f10x.c **** 
 478:../CMSIS/system_stm32f10x.c ****   GPIOF->CRL = 0x44BBBBBB;  
 479:../CMSIS/system_stm32f10x.c ****   GPIOF->CRH = 0xBBBB4444;
 480:../CMSIS/system_stm32f10x.c **** 
 481:../CMSIS/system_stm32f10x.c ****   GPIOG->CRL = 0x44BBBBBB;  
 482:../CMSIS/system_stm32f10x.c ****   GPIOG->CRH = 0x44444B44;
 483:../CMSIS/system_stm32f10x.c ****    
 484:../CMSIS/system_stm32f10x.c **** /*----------------  FSMC Configuration ---------------------------------------*/  
 485:../CMSIS/system_stm32f10x.c **** /*----------------  Enable FSMC Bank1_SRAM Bank ------------------------------*/
 486:../CMSIS/system_stm32f10x.c ****   
 487:../CMSIS/system_stm32f10x.c ****   FSMC_Bank1->BTCR[4] = 0x00001011;
 488:../CMSIS/system_stm32f10x.c ****   FSMC_Bank1->BTCR[5] = 0x00000200;
 489:../CMSIS/system_stm32f10x.c **** }
 490:../CMSIS/system_stm32f10x.c **** #endif /* DATA_IN_ExtSRAM */
 491:../CMSIS/system_stm32f10x.c **** 
 492:../CMSIS/system_stm32f10x.c **** #ifdef SYSCLK_FREQ_HSE
 493:../CMSIS/system_stm32f10x.c **** /**
 494:../CMSIS/system_stm32f10x.c ****   * @brief  Selects HSE as System clock source and configure HCLK, PCLK2
 495:../CMSIS/system_stm32f10x.c ****   *         and PCLK1 prescalers.
 496:../CMSIS/system_stm32f10x.c ****   * @note   This function should be used only after reset.
 497:../CMSIS/system_stm32f10x.c ****   * @param  None
 498:../CMSIS/system_stm32f10x.c ****   * @retval None
 499:../CMSIS/system_stm32f10x.c ****   */
 500:../CMSIS/system_stm32f10x.c **** static void SetSysClockToHSE(void)
 501:../CMSIS/system_stm32f10x.c **** {
 502:../CMSIS/system_stm32f10x.c ****   __IO uint32_t StartUpCounter = 0, HSEStatus = 0;
 503:../CMSIS/system_stm32f10x.c ****   
 504:../CMSIS/system_stm32f10x.c ****   /* SYSCLK, HCLK, PCLK2 and PCLK1 configuration ---------------------------*/    
 505:../CMSIS/system_stm32f10x.c ****   /* Enable HSE */    
 506:../CMSIS/system_stm32f10x.c ****   RCC->CR |= ((uint32_t)RCC_CR_HSEON);
 507:../CMSIS/system_stm32f10x.c ****  
 508:../CMSIS/system_stm32f10x.c ****   /* Wait till HSE is ready and if Time out is reached exit */
 509:../CMSIS/system_stm32f10x.c ****   do
 510:../CMSIS/system_stm32f10x.c ****   {
 511:../CMSIS/system_stm32f10x.c ****     HSEStatus = RCC->CR & RCC_CR_HSERDY;
 512:../CMSIS/system_stm32f10x.c ****     StartUpCounter++;  
 513:../CMSIS/system_stm32f10x.c ****   } while((HSEStatus == 0) && (StartUpCounter != HSE_STARTUP_TIMEOUT));
 514:../CMSIS/system_stm32f10x.c **** 
 515:../CMSIS/system_stm32f10x.c ****   if ((RCC->CR & RCC_CR_HSERDY) != RESET)
 516:../CMSIS/system_stm32f10x.c ****   {
 517:../CMSIS/system_stm32f10x.c ****     HSEStatus = (uint32_t)0x01;
 518:../CMSIS/system_stm32f10x.c ****   }
 519:../CMSIS/system_stm32f10x.c ****   else
 520:../CMSIS/system_stm32f10x.c ****   {
 521:../CMSIS/system_stm32f10x.c ****     HSEStatus = (uint32_t)0x00;
 522:../CMSIS/system_stm32f10x.c ****   }  
 523:../CMSIS/system_stm32f10x.c **** 
 524:../CMSIS/system_stm32f10x.c ****   if (HSEStatus == (uint32_t)0x01)
 525:../CMSIS/system_stm32f10x.c ****   {
 526:../CMSIS/system_stm32f10x.c **** 
 527:../CMSIS/system_stm32f10x.c **** #if !defined STM32F10X_LD_VL && !defined STM32F10X_MD_VL && !defined STM32F10X_HD_VL
 528:../CMSIS/system_stm32f10x.c ****     /* Enable Prefetch Buffer */
 529:../CMSIS/system_stm32f10x.c ****     FLASH->ACR |= FLASH_ACR_PRFTBE;
 530:../CMSIS/system_stm32f10x.c **** 
 531:../CMSIS/system_stm32f10x.c ****     /* Flash 0 wait state */
 532:../CMSIS/system_stm32f10x.c ****     FLASH->ACR &= (uint32_t)((uint32_t)~FLASH_ACR_LATENCY);
 533:../CMSIS/system_stm32f10x.c **** 
 534:../CMSIS/system_stm32f10x.c **** #ifndef STM32F10X_CL
 535:../CMSIS/system_stm32f10x.c ****     FLASH->ACR |= (uint32_t)FLASH_ACR_LATENCY_0;
 536:../CMSIS/system_stm32f10x.c **** #else
 537:../CMSIS/system_stm32f10x.c ****     if (HSE_VALUE <= 24000000)
 538:../CMSIS/system_stm32f10x.c **** 	{
 539:../CMSIS/system_stm32f10x.c ****       FLASH->ACR |= (uint32_t)FLASH_ACR_LATENCY_0;
 540:../CMSIS/system_stm32f10x.c **** 	}
 541:../CMSIS/system_stm32f10x.c **** 	else
 542:../CMSIS/system_stm32f10x.c **** 	{
 543:../CMSIS/system_stm32f10x.c ****       FLASH->ACR |= (uint32_t)FLASH_ACR_LATENCY_1;
 544:../CMSIS/system_stm32f10x.c **** 	}
 545:../CMSIS/system_stm32f10x.c **** #endif /* STM32F10X_CL */
 546:../CMSIS/system_stm32f10x.c **** #endif
 547:../CMSIS/system_stm32f10x.c ****  
 548:../CMSIS/system_stm32f10x.c ****     /* HCLK = SYSCLK */
 549:../CMSIS/system_stm32f10x.c ****     RCC->CFGR |= (uint32_t)RCC_CFGR_HPRE_DIV1;
 550:../CMSIS/system_stm32f10x.c ****       
 551:../CMSIS/system_stm32f10x.c ****     /* PCLK2 = HCLK */
 552:../CMSIS/system_stm32f10x.c ****     RCC->CFGR |= (uint32_t)RCC_CFGR_PPRE2_DIV1;
 553:../CMSIS/system_stm32f10x.c ****     
 554:../CMSIS/system_stm32f10x.c ****     /* PCLK1 = HCLK */
 555:../CMSIS/system_stm32f10x.c ****     RCC->CFGR |= (uint32_t)RCC_CFGR_PPRE1_DIV1;
 556:../CMSIS/system_stm32f10x.c ****     
 557:../CMSIS/system_stm32f10x.c ****     /* Select HSE as system clock source */
 558:../CMSIS/system_stm32f10x.c ****     RCC->CFGR &= (uint32_t)((uint32_t)~(RCC_CFGR_SW));
 559:../CMSIS/system_stm32f10x.c ****     RCC->CFGR |= (uint32_t)RCC_CFGR_SW_HSE;    
 560:../CMSIS/system_stm32f10x.c **** 
 561:../CMSIS/system_stm32f10x.c ****     /* Wait till HSE is used as system clock source */
 562:../CMSIS/system_stm32f10x.c ****     while ((RCC->CFGR & (uint32_t)RCC_CFGR_SWS) != (uint32_t)0x04)
 563:../CMSIS/system_stm32f10x.c ****     {
 564:../CMSIS/system_stm32f10x.c ****     }
 565:../CMSIS/system_stm32f10x.c ****   }
 566:../CMSIS/system_stm32f10x.c ****   else
 567:../CMSIS/system_stm32f10x.c ****   { /* If HSE fails to start-up, the application will have wrong clock 
 568:../CMSIS/system_stm32f10x.c ****          configuration. User can add here some code to deal with this error */
 569:../CMSIS/system_stm32f10x.c ****   }  
 570:../CMSIS/system_stm32f10x.c **** }
 571:../CMSIS/system_stm32f10x.c **** #elif defined SYSCLK_FREQ_24MHz
 572:../CMSIS/system_stm32f10x.c **** /**
 573:../CMSIS/system_stm32f10x.c ****   * @brief  Sets System clock frequency to 24MHz and configure HCLK, PCLK2 
 574:../CMSIS/system_stm32f10x.c ****   *         and PCLK1 prescalers.
 575:../CMSIS/system_stm32f10x.c ****   * @note   This function should be used only after reset.
 576:../CMSIS/system_stm32f10x.c ****   * @param  None
 577:../CMSIS/system_stm32f10x.c ****   * @retval None
 578:../CMSIS/system_stm32f10x.c ****   */
 579:../CMSIS/system_stm32f10x.c **** static void SetSysClockTo24(void)
 580:../CMSIS/system_stm32f10x.c **** {
 16464              		.loc 1 580 0
 16465              		.cfi_startproc
 16466              		@ args = 0, pretend = 0, frame = 8
 16467              		@ frame_needed = 1, uses_anonymous_args = 0
 16468              		@ link register save eliminated.
 16469 0000 80B4     		push	{r7}
 16470              	.LCFI7:
 16471              		.cfi_def_cfa_offset 4
 16472 0002 83B0     		sub	sp, sp, #12
 16473              	.LCFI8:
 16474              		.cfi_def_cfa_offset 16
 16475 0004 00AF     		add	r7, sp, #0
 16476              		.cfi_offset 7, -4
 16477              	.LCFI9:
 16478              		.cfi_def_cfa_register 7
 581:../CMSIS/system_stm32f10x.c ****   __IO uint32_t StartUpCounter = 0, HSEStatus = 0;
 16479              		.loc 1 581 0
 16480 0006 4FF00003 		mov	r3, #0
 16481 000a 7B60     		str	r3, [r7, #4]
 16482 000c 4FF00003 		mov	r3, #0
 16483 0010 3B60     		str	r3, [r7, #0]
 582:../CMSIS/system_stm32f10x.c ****   
 583:../CMSIS/system_stm32f10x.c ****   /* SYSCLK, HCLK, PCLK2 and PCLK1 configuration ---------------------------*/    
 584:../CMSIS/system_stm32f10x.c ****   /* Enable HSE */    
 585:../CMSIS/system_stm32f10x.c ****   RCC->CR |= ((uint32_t)RCC_CR_HSEON);
 16484              		.loc 1 585 0
 16485 0012 314B     		ldr	r3, .L24
 16486 0014 304A     		ldr	r2, .L24
 16487 0016 1268     		ldr	r2, [r2, #0]
 16488 0018 42F48032 		orr	r2, r2, #65536
 16489 001c 1A60     		str	r2, [r3, #0]
 16490              	.L18:
 586:../CMSIS/system_stm32f10x.c ****  
 587:../CMSIS/system_stm32f10x.c ****   /* Wait till HSE is ready and if Time out is reached exit */
 588:../CMSIS/system_stm32f10x.c ****   do
 589:../CMSIS/system_stm32f10x.c ****   {
 590:../CMSIS/system_stm32f10x.c ****     HSEStatus = RCC->CR & RCC_CR_HSERDY;
 16491              		.loc 1 590 0 discriminator 1
 16492 001e 2E4B     		ldr	r3, .L24
 16493 0020 1B68     		ldr	r3, [r3, #0]
 16494 0022 03F40033 		and	r3, r3, #131072
 16495 0026 3B60     		str	r3, [r7, #0]
 591:../CMSIS/system_stm32f10x.c ****     StartUpCounter++;  
 16496              		.loc 1 591 0 discriminator 1
 16497 0028 7B68     		ldr	r3, [r7, #4]
 16498 002a 03F10103 		add	r3, r3, #1
 16499 002e 7B60     		str	r3, [r7, #4]
 592:../CMSIS/system_stm32f10x.c ****   } while((HSEStatus == 0) && (StartUpCounter != HSE_STARTUP_TIMEOUT));
 16500              		.loc 1 592 0 discriminator 1
 16501 0030 3B68     		ldr	r3, [r7, #0]
 16502 0032 002B     		cmp	r3, #0
 16503 0034 03D1     		bne	.L17
 16504 0036 7B68     		ldr	r3, [r7, #4]
 16505 0038 B3F5A06F 		cmp	r3, #1280
 16506 003c EFD1     		bne	.L18
 16507              	.L17:
 593:../CMSIS/system_stm32f10x.c **** 
 594:../CMSIS/system_stm32f10x.c ****   if ((RCC->CR & RCC_CR_HSERDY) != RESET)
 16508              		.loc 1 594 0
 16509 003e 264B     		ldr	r3, .L24
 16510 0040 1B68     		ldr	r3, [r3, #0]
 16511 0042 03F40033 		and	r3, r3, #131072
 16512 0046 002B     		cmp	r3, #0
 16513 0048 03D0     		beq	.L19
 595:../CMSIS/system_stm32f10x.c ****   {
 596:../CMSIS/system_stm32f10x.c ****     HSEStatus = (uint32_t)0x01;
 16514              		.loc 1 596 0
 16515 004a 4FF00103 		mov	r3, #1
 16516 004e 3B60     		str	r3, [r7, #0]
 16517 0050 02E0     		b	.L20
 16518              	.L19:
 597:../CMSIS/system_stm32f10x.c ****   }
 598:../CMSIS/system_stm32f10x.c ****   else
 599:../CMSIS/system_stm32f10x.c ****   {
 600:../CMSIS/system_stm32f10x.c ****     HSEStatus = (uint32_t)0x00;
 16519              		.loc 1 600 0
 16520 0052 4FF00003 		mov	r3, #0
 16521 0056 3B60     		str	r3, [r7, #0]
 16522              	.L20:
 601:../CMSIS/system_stm32f10x.c ****   }  
 602:../CMSIS/system_stm32f10x.c **** 
 603:../CMSIS/system_stm32f10x.c ****   if (HSEStatus == (uint32_t)0x01)
 16523              		.loc 1 603 0
 16524 0058 3B68     		ldr	r3, [r7, #0]
 16525 005a 012B     		cmp	r3, #1
 16526 005c 37D1     		bne	.L16
 604:../CMSIS/system_stm32f10x.c ****   {
 605:../CMSIS/system_stm32f10x.c **** #if !defined STM32F10X_LD_VL && !defined STM32F10X_MD_VL && !defined STM32F10X_HD_VL 
 606:../CMSIS/system_stm32f10x.c ****     /* Enable Prefetch Buffer */
 607:../CMSIS/system_stm32f10x.c ****     FLASH->ACR |= FLASH_ACR_PRFTBE;
 608:../CMSIS/system_stm32f10x.c **** 
 609:../CMSIS/system_stm32f10x.c ****     /* Flash 0 wait state */
 610:../CMSIS/system_stm32f10x.c ****     FLASH->ACR &= (uint32_t)((uint32_t)~FLASH_ACR_LATENCY);
 611:../CMSIS/system_stm32f10x.c ****     FLASH->ACR |= (uint32_t)FLASH_ACR_LATENCY_0;    
 612:../CMSIS/system_stm32f10x.c **** #endif
 613:../CMSIS/system_stm32f10x.c ****  
 614:../CMSIS/system_stm32f10x.c ****     /* HCLK = SYSCLK */
 615:../CMSIS/system_stm32f10x.c ****     RCC->CFGR |= (uint32_t)RCC_CFGR_HPRE_DIV1;
 16527              		.loc 1 615 0
 16528 005e 1E4B     		ldr	r3, .L24
 16529 0060 1D4A     		ldr	r2, .L24
 16530 0062 5268     		ldr	r2, [r2, #4]
 16531 0064 5A60     		str	r2, [r3, #4]
 616:../CMSIS/system_stm32f10x.c ****       
 617:../CMSIS/system_stm32f10x.c ****     /* PCLK2 = HCLK */
 618:../CMSIS/system_stm32f10x.c ****     RCC->CFGR |= (uint32_t)RCC_CFGR_PPRE2_DIV1;
 16532              		.loc 1 618 0
 16533 0066 1C4B     		ldr	r3, .L24
 16534 0068 1B4A     		ldr	r2, .L24
 16535 006a 5268     		ldr	r2, [r2, #4]
 16536 006c 5A60     		str	r2, [r3, #4]
 619:../CMSIS/system_stm32f10x.c ****     
 620:../CMSIS/system_stm32f10x.c ****     /* PCLK1 = HCLK */
 621:../CMSIS/system_stm32f10x.c ****     RCC->CFGR |= (uint32_t)RCC_CFGR_PPRE1_DIV1;
 16537              		.loc 1 621 0
 16538 006e 1A4B     		ldr	r3, .L24
 16539 0070 194A     		ldr	r2, .L24
 16540 0072 5268     		ldr	r2, [r2, #4]
 16541 0074 5A60     		str	r2, [r3, #4]
 622:../CMSIS/system_stm32f10x.c ****     
 623:../CMSIS/system_stm32f10x.c **** #ifdef STM32F10X_CL
 624:../CMSIS/system_stm32f10x.c ****     /* Configure PLLs ------------------------------------------------------*/
 625:../CMSIS/system_stm32f10x.c ****     /* PLL configuration: PLLCLK = PREDIV1 * 6 = 24 MHz */ 
 626:../CMSIS/system_stm32f10x.c ****     RCC->CFGR &= (uint32_t)~(RCC_CFGR_PLLXTPRE | RCC_CFGR_PLLSRC | RCC_CFGR_PLLMULL);
 627:../CMSIS/system_stm32f10x.c ****     RCC->CFGR |= (uint32_t)(RCC_CFGR_PLLXTPRE_PREDIV1 | RCC_CFGR_PLLSRC_PREDIV1 | 
 628:../CMSIS/system_stm32f10x.c ****                             RCC_CFGR_PLLMULL6); 
 629:../CMSIS/system_stm32f10x.c **** 
 630:../CMSIS/system_stm32f10x.c ****     /* PLL2 configuration: PLL2CLK = (HSE / 5) * 8 = 40 MHz */
 631:../CMSIS/system_stm32f10x.c ****     /* PREDIV1 configuration: PREDIV1CLK = PLL2 / 10 = 4 MHz */       
 632:../CMSIS/system_stm32f10x.c ****     RCC->CFGR2 &= (uint32_t)~(RCC_CFGR2_PREDIV2 | RCC_CFGR2_PLL2MUL |
 633:../CMSIS/system_stm32f10x.c ****                               RCC_CFGR2_PREDIV1 | RCC_CFGR2_PREDIV1SRC);
 634:../CMSIS/system_stm32f10x.c ****     RCC->CFGR2 |= (uint32_t)(RCC_CFGR2_PREDIV2_DIV5 | RCC_CFGR2_PLL2MUL8 |
 635:../CMSIS/system_stm32f10x.c ****                              RCC_CFGR2_PREDIV1SRC_PLL2 | RCC_CFGR2_PREDIV1_DIV10);
 636:../CMSIS/system_stm32f10x.c ****   
 637:../CMSIS/system_stm32f10x.c ****     /* Enable PLL2 */
 638:../CMSIS/system_stm32f10x.c ****     RCC->CR |= RCC_CR_PLL2ON;
 639:../CMSIS/system_stm32f10x.c ****     /* Wait till PLL2 is ready */
 640:../CMSIS/system_stm32f10x.c ****     while((RCC->CR & RCC_CR_PLL2RDY) == 0)
 641:../CMSIS/system_stm32f10x.c ****     {
 642:../CMSIS/system_stm32f10x.c ****     }   
 643:../CMSIS/system_stm32f10x.c **** #elif defined (STM32F10X_LD_VL) || defined (STM32F10X_MD_VL) || defined (STM32F10X_HD_VL)
 644:../CMSIS/system_stm32f10x.c ****     /*  PLL configuration:  = (HSE / 2) * 6 = 24 MHz */
 645:../CMSIS/system_stm32f10x.c ****     RCC->CFGR &= (uint32_t)((uint32_t)~(RCC_CFGR_PLLSRC | RCC_CFGR_PLLXTPRE | RCC_CFGR_PLLMULL));
 16542              		.loc 1 645 0
 16543 0076 184B     		ldr	r3, .L24
 16544 0078 174A     		ldr	r2, .L24
 16545 007a 5268     		ldr	r2, [r2, #4]
 16546 007c 22F47C12 		bic	r2, r2, #4128768
 16547 0080 5A60     		str	r2, [r3, #4]
 646:../CMSIS/system_stm32f10x.c ****     RCC->CFGR |= (uint32_t)(RCC_CFGR_PLLSRC_PREDIV1 | RCC_CFGR_PLLXTPRE_PREDIV1_Div2 | RCC_CFGR_PLL
 16548              		.loc 1 646 0
 16549 0082 154B     		ldr	r3, .L24
 16550 0084 144A     		ldr	r2, .L24
 16551 0086 5268     		ldr	r2, [r2, #4]
 16552 0088 42F49812 		orr	r2, r2, #1245184
 16553 008c 5A60     		str	r2, [r3, #4]
 647:../CMSIS/system_stm32f10x.c **** #else    
 648:../CMSIS/system_stm32f10x.c ****     /*  PLL configuration:  = (HSE / 2) * 6 = 24 MHz */
 649:../CMSIS/system_stm32f10x.c ****     RCC->CFGR &= (uint32_t)((uint32_t)~(RCC_CFGR_PLLSRC | RCC_CFGR_PLLXTPRE | RCC_CFGR_PLLMULL));
 650:../CMSIS/system_stm32f10x.c ****     RCC->CFGR |= (uint32_t)(RCC_CFGR_PLLSRC_HSE | RCC_CFGR_PLLXTPRE_HSE_Div2 | RCC_CFGR_PLLMULL6);
 651:../CMSIS/system_stm32f10x.c **** #endif /* STM32F10X_CL */
 652:../CMSIS/system_stm32f10x.c **** 
 653:../CMSIS/system_stm32f10x.c ****     /* Enable PLL */
 654:../CMSIS/system_stm32f10x.c ****     RCC->CR |= RCC_CR_PLLON;
 16554              		.loc 1 654 0
 16555 008e 124B     		ldr	r3, .L24
 16556 0090 114A     		ldr	r2, .L24
 16557 0092 1268     		ldr	r2, [r2, #0]
 16558 0094 42F08072 		orr	r2, r2, #16777216
 16559 0098 1A60     		str	r2, [r3, #0]
 655:../CMSIS/system_stm32f10x.c **** 
 656:../CMSIS/system_stm32f10x.c ****     /* Wait till PLL is ready */
 657:../CMSIS/system_stm32f10x.c ****     while((RCC->CR & RCC_CR_PLLRDY) == 0)
 16560              		.loc 1 657 0
 16561 009a 00BF     		nop
 16562              	.L22:
 16563              		.loc 1 657 0 is_stmt 0 discriminator 1
 16564 009c 0E4B     		ldr	r3, .L24
 16565 009e 1B68     		ldr	r3, [r3, #0]
 16566 00a0 03F00073 		and	r3, r3, #33554432
 16567 00a4 002B     		cmp	r3, #0
 16568 00a6 F9D0     		beq	.L22
 658:../CMSIS/system_stm32f10x.c ****     {
 659:../CMSIS/system_stm32f10x.c ****     }
 660:../CMSIS/system_stm32f10x.c **** 
 661:../CMSIS/system_stm32f10x.c ****     /* Select PLL as system clock source */
 662:../CMSIS/system_stm32f10x.c ****     RCC->CFGR &= (uint32_t)((uint32_t)~(RCC_CFGR_SW));
 16569              		.loc 1 662 0 is_stmt 1
 16570 00a8 0B4B     		ldr	r3, .L24
 16571 00aa 0B4A     		ldr	r2, .L24
 16572 00ac 5268     		ldr	r2, [r2, #4]
 16573 00ae 22F00302 		bic	r2, r2, #3
 16574 00b2 5A60     		str	r2, [r3, #4]
 663:../CMSIS/system_stm32f10x.c ****     RCC->CFGR |= (uint32_t)RCC_CFGR_SW_PLL;    
 16575              		.loc 1 663 0
 16576 00b4 084B     		ldr	r3, .L24
 16577 00b6 084A     		ldr	r2, .L24
 16578 00b8 5268     		ldr	r2, [r2, #4]
 16579 00ba 42F00202 		orr	r2, r2, #2
 16580 00be 5A60     		str	r2, [r3, #4]
 664:../CMSIS/system_stm32f10x.c **** 
 665:../CMSIS/system_stm32f10x.c ****     /* Wait till PLL is used as system clock source */
 666:../CMSIS/system_stm32f10x.c ****     while ((RCC->CFGR & (uint32_t)RCC_CFGR_SWS) != (uint32_t)0x08)
 16581              		.loc 1 666 0
 16582 00c0 00BF     		nop
 16583              	.L23:
 16584              		.loc 1 666 0 is_stmt 0 discriminator 1
 16585 00c2 054B     		ldr	r3, .L24
 16586 00c4 5B68     		ldr	r3, [r3, #4]
 16587 00c6 03F00C03 		and	r3, r3, #12
 16588 00ca 082B     		cmp	r3, #8
 16589 00cc F9D1     		bne	.L23
 16590              	.L16:
 667:../CMSIS/system_stm32f10x.c ****     {
 668:../CMSIS/system_stm32f10x.c ****     }
 669:../CMSIS/system_stm32f10x.c ****   }
 670:../CMSIS/system_stm32f10x.c ****   else
 671:../CMSIS/system_stm32f10x.c ****   { /* If HSE fails to start-up, the application will have wrong clock 
 672:../CMSIS/system_stm32f10x.c ****          configuration. User can add here some code to deal with this error */
 673:../CMSIS/system_stm32f10x.c ****   } 
 674:../CMSIS/system_stm32f10x.c **** }
 16591              		.loc 1 674 0 is_stmt 1
 16592 00ce 07F10C07 		add	r7, r7, #12
 16593 00d2 BD46     		mov	sp, r7
 16594 00d4 80BC     		pop	{r7}
 16595 00d6 7047     		bx	lr
 16596              	.L25:
 16597              		.align	2
 16598              	.L24:
 16599 00d8 00100240 		.word	1073876992
 16600              		.cfi_endproc
 16601              	.LFE32:
 16603              		.text
 16604              	.Letext0:
DEFINED SYMBOLS
                            *ABS*:00000000 system_stm32f10x.c
     /tmp/ccObhhHl.s:16185  .data.SystemCoreClock:00000000 SystemCoreClock
     /tmp/ccObhhHl.s:16182  .data.SystemCoreClock:00000000 $d
     /tmp/ccObhhHl.s:16192  .data.AHBPrescTable:00000000 AHBPrescTable
     /tmp/ccObhhHl.s:16189  .data.AHBPrescTable:00000000 $d
     /tmp/ccObhhHl.s:16210  .text.SystemInit:00000000 $t
     /tmp/ccObhhHl.s:16215  .text.SystemInit:00000000 SystemInit
     /tmp/ccObhhHl.s:16436  .text.SetSysClock:00000000 SetSysClock
     /tmp/ccObhhHl.s:16280  .text.SystemInit:00000064 $d
     /tmp/ccObhhHl.s:16287  .text.SystemCoreClockUpdate:00000000 $t
     /tmp/ccObhhHl.s:16292  .text.SystemCoreClockUpdate:00000000 SystemCoreClockUpdate
     /tmp/ccObhhHl.s:16423  .text.SystemCoreClockUpdate:000000d0 $d
     /tmp/ccObhhHl.s:16432  .text.SetSysClock:00000000 $t
     /tmp/ccObhhHl.s:16462  .text.SetSysClockTo24:00000000 SetSysClockTo24
     /tmp/ccObhhHl.s:16458  .text.SetSysClockTo24:00000000 $t
     /tmp/ccObhhHl.s:16599  .text.SetSysClockTo24:000000d8 $d
                     .debug_frame:00000010 $d

NO UNDEFINED SYMBOLS
