   1              		.syntax unified
   2              		.cpu cortex-m3
   3              		.fpu softvfp
   4              		.eabi_attribute 20, 1
   5              		.eabi_attribute 21, 1
   6              		.eabi_attribute 23, 3
   7              		.eabi_attribute 24, 1
   8              		.eabi_attribute 25, 1
   9              		.eabi_attribute 26, 1
  10              		.eabi_attribute 30, 6
  11              		.eabi_attribute 18, 4
  12              		.thumb
  13              		.file	"stm32f10x_iwdg.c"
  23              	.Ltext0:
  24              		.file 1 "../StdPeripheralDriver/src/stm32f10x_iwdg.c"
 16242              		.align	2
 16243              		.global	IWDG_WriteAccessCmd
 16244              		.thumb
 16245              		.thumb_func
 16247              	IWDG_WriteAccessCmd:
 16248              	.LFB29:
   1:../StdPeripheralDriver/src/stm32f10x_iwdg.c **** /**
   2:../StdPeripheralDriver/src/stm32f10x_iwdg.c ****   ******************************************************************************
   3:../StdPeripheralDriver/src/stm32f10x_iwdg.c ****   * @file    stm32f10x_iwdg.c
   4:../StdPeripheralDriver/src/stm32f10x_iwdg.c ****   * @author  MCD Application Team
   5:../StdPeripheralDriver/src/stm32f10x_iwdg.c ****   * @version V3.5.0
   6:../StdPeripheralDriver/src/stm32f10x_iwdg.c ****   * @date    11-March-2011
   7:../StdPeripheralDriver/src/stm32f10x_iwdg.c ****   * @brief   This file provides all the IWDG firmware functions.
   8:../StdPeripheralDriver/src/stm32f10x_iwdg.c ****   ******************************************************************************
   9:../StdPeripheralDriver/src/stm32f10x_iwdg.c ****   * @attention
  10:../StdPeripheralDriver/src/stm32f10x_iwdg.c ****   *
  11:../StdPeripheralDriver/src/stm32f10x_iwdg.c ****   * THE PRESENT FIRMWARE WHICH IS FOR GUIDANCE ONLY AIMS AT PROVIDING CUSTOMERS
  12:../StdPeripheralDriver/src/stm32f10x_iwdg.c ****   * WITH CODING INFORMATION REGARDING THEIR PRODUCTS IN ORDER FOR THEM TO SAVE
  13:../StdPeripheralDriver/src/stm32f10x_iwdg.c ****   * TIME. AS A RESULT, STMICROELECTRONICS SHALL NOT BE HELD LIABLE FOR ANY
  14:../StdPeripheralDriver/src/stm32f10x_iwdg.c ****   * DIRECT, INDIRECT OR CONSEQUENTIAL DAMAGES WITH RESPECT TO ANY CLAIMS ARISING
  15:../StdPeripheralDriver/src/stm32f10x_iwdg.c ****   * FROM THE CONTENT OF SUCH FIRMWARE AND/OR THE USE MADE BY CUSTOMERS OF THE
  16:../StdPeripheralDriver/src/stm32f10x_iwdg.c ****   * CODING INFORMATION CONTAINED HEREIN IN CONNECTION WITH THEIR PRODUCTS.
  17:../StdPeripheralDriver/src/stm32f10x_iwdg.c ****   *
  18:../StdPeripheralDriver/src/stm32f10x_iwdg.c ****   * <h2><center>&copy; COPYRIGHT 2011 STMicroelectronics</center></h2>
  19:../StdPeripheralDriver/src/stm32f10x_iwdg.c ****   ******************************************************************************
  20:../StdPeripheralDriver/src/stm32f10x_iwdg.c ****   */
  21:../StdPeripheralDriver/src/stm32f10x_iwdg.c **** 
  22:../StdPeripheralDriver/src/stm32f10x_iwdg.c **** /* Includes ------------------------------------------------------------------*/
  23:../StdPeripheralDriver/src/stm32f10x_iwdg.c **** #include "stm32f10x_iwdg.h"
  24:../StdPeripheralDriver/src/stm32f10x_iwdg.c **** 
  25:../StdPeripheralDriver/src/stm32f10x_iwdg.c **** /** @addtogroup STM32F10x_StdPeriph_Driver
  26:../StdPeripheralDriver/src/stm32f10x_iwdg.c ****   * @{
  27:../StdPeripheralDriver/src/stm32f10x_iwdg.c ****   */
  28:../StdPeripheralDriver/src/stm32f10x_iwdg.c **** 
  29:../StdPeripheralDriver/src/stm32f10x_iwdg.c **** /** @defgroup IWDG 
  30:../StdPeripheralDriver/src/stm32f10x_iwdg.c ****   * @brief IWDG driver modules
  31:../StdPeripheralDriver/src/stm32f10x_iwdg.c ****   * @{
  32:../StdPeripheralDriver/src/stm32f10x_iwdg.c ****   */ 
  33:../StdPeripheralDriver/src/stm32f10x_iwdg.c **** 
  34:../StdPeripheralDriver/src/stm32f10x_iwdg.c **** /** @defgroup IWDG_Private_TypesDefinitions
  35:../StdPeripheralDriver/src/stm32f10x_iwdg.c ****   * @{
  36:../StdPeripheralDriver/src/stm32f10x_iwdg.c ****   */
  37:../StdPeripheralDriver/src/stm32f10x_iwdg.c **** 
  38:../StdPeripheralDriver/src/stm32f10x_iwdg.c **** /**
  39:../StdPeripheralDriver/src/stm32f10x_iwdg.c ****   * @}
  40:../StdPeripheralDriver/src/stm32f10x_iwdg.c ****   */
  41:../StdPeripheralDriver/src/stm32f10x_iwdg.c **** 
  42:../StdPeripheralDriver/src/stm32f10x_iwdg.c **** /** @defgroup IWDG_Private_Defines
  43:../StdPeripheralDriver/src/stm32f10x_iwdg.c ****   * @{
  44:../StdPeripheralDriver/src/stm32f10x_iwdg.c ****   */ 
  45:../StdPeripheralDriver/src/stm32f10x_iwdg.c **** 
  46:../StdPeripheralDriver/src/stm32f10x_iwdg.c **** /* ---------------------- IWDG registers bit mask ----------------------------*/
  47:../StdPeripheralDriver/src/stm32f10x_iwdg.c **** 
  48:../StdPeripheralDriver/src/stm32f10x_iwdg.c **** /* KR register bit mask */
  49:../StdPeripheralDriver/src/stm32f10x_iwdg.c **** #define KR_KEY_Reload    ((uint16_t)0xAAAA)
  50:../StdPeripheralDriver/src/stm32f10x_iwdg.c **** #define KR_KEY_Enable    ((uint16_t)0xCCCC)
  51:../StdPeripheralDriver/src/stm32f10x_iwdg.c **** 
  52:../StdPeripheralDriver/src/stm32f10x_iwdg.c **** /**
  53:../StdPeripheralDriver/src/stm32f10x_iwdg.c ****   * @}
  54:../StdPeripheralDriver/src/stm32f10x_iwdg.c ****   */ 
  55:../StdPeripheralDriver/src/stm32f10x_iwdg.c **** 
  56:../StdPeripheralDriver/src/stm32f10x_iwdg.c **** /** @defgroup IWDG_Private_Macros
  57:../StdPeripheralDriver/src/stm32f10x_iwdg.c ****   * @{
  58:../StdPeripheralDriver/src/stm32f10x_iwdg.c ****   */
  59:../StdPeripheralDriver/src/stm32f10x_iwdg.c **** 
  60:../StdPeripheralDriver/src/stm32f10x_iwdg.c **** /**
  61:../StdPeripheralDriver/src/stm32f10x_iwdg.c ****   * @}
  62:../StdPeripheralDriver/src/stm32f10x_iwdg.c ****   */
  63:../StdPeripheralDriver/src/stm32f10x_iwdg.c **** 
  64:../StdPeripheralDriver/src/stm32f10x_iwdg.c **** /** @defgroup IWDG_Private_Variables
  65:../StdPeripheralDriver/src/stm32f10x_iwdg.c ****   * @{
  66:../StdPeripheralDriver/src/stm32f10x_iwdg.c ****   */
  67:../StdPeripheralDriver/src/stm32f10x_iwdg.c **** 
  68:../StdPeripheralDriver/src/stm32f10x_iwdg.c **** /**
  69:../StdPeripheralDriver/src/stm32f10x_iwdg.c ****   * @}
  70:../StdPeripheralDriver/src/stm32f10x_iwdg.c ****   */
  71:../StdPeripheralDriver/src/stm32f10x_iwdg.c **** 
  72:../StdPeripheralDriver/src/stm32f10x_iwdg.c **** /** @defgroup IWDG_Private_FunctionPrototypes
  73:../StdPeripheralDriver/src/stm32f10x_iwdg.c ****   * @{
  74:../StdPeripheralDriver/src/stm32f10x_iwdg.c ****   */
  75:../StdPeripheralDriver/src/stm32f10x_iwdg.c **** 
  76:../StdPeripheralDriver/src/stm32f10x_iwdg.c **** /**
  77:../StdPeripheralDriver/src/stm32f10x_iwdg.c ****   * @}
  78:../StdPeripheralDriver/src/stm32f10x_iwdg.c ****   */
  79:../StdPeripheralDriver/src/stm32f10x_iwdg.c **** 
  80:../StdPeripheralDriver/src/stm32f10x_iwdg.c **** /** @defgroup IWDG_Private_Functions
  81:../StdPeripheralDriver/src/stm32f10x_iwdg.c ****   * @{
  82:../StdPeripheralDriver/src/stm32f10x_iwdg.c ****   */
  83:../StdPeripheralDriver/src/stm32f10x_iwdg.c **** 
  84:../StdPeripheralDriver/src/stm32f10x_iwdg.c **** /**
  85:../StdPeripheralDriver/src/stm32f10x_iwdg.c ****   * @brief  Enables or disables write access to IWDG_PR and IWDG_RLR registers.
  86:../StdPeripheralDriver/src/stm32f10x_iwdg.c ****   * @param  IWDG_WriteAccess: new state of write access to IWDG_PR and IWDG_RLR registers.
  87:../StdPeripheralDriver/src/stm32f10x_iwdg.c ****   *   This parameter can be one of the following values:
  88:../StdPeripheralDriver/src/stm32f10x_iwdg.c ****   *     @arg IWDG_WriteAccess_Enable: Enable write access to IWDG_PR and IWDG_RLR registers
  89:../StdPeripheralDriver/src/stm32f10x_iwdg.c ****   *     @arg IWDG_WriteAccess_Disable: Disable write access to IWDG_PR and IWDG_RLR registers
  90:../StdPeripheralDriver/src/stm32f10x_iwdg.c ****   * @retval None
  91:../StdPeripheralDriver/src/stm32f10x_iwdg.c ****   */
  92:../StdPeripheralDriver/src/stm32f10x_iwdg.c **** void IWDG_WriteAccessCmd(uint16_t IWDG_WriteAccess)
  93:../StdPeripheralDriver/src/stm32f10x_iwdg.c **** {
 16249              		.loc 1 93 0
 16250              		.cfi_startproc
 16251              		@ args = 0, pretend = 0, frame = 8
 16252              		@ frame_needed = 1, uses_anonymous_args = 0
 16253              		@ link register save eliminated.
 16254 0000 80B4     		push	{r7}
 16255              	.LCFI0:
 16256              		.cfi_def_cfa_offset 4
 16257 0002 83B0     		sub	sp, sp, #12
 16258              	.LCFI1:
 16259              		.cfi_def_cfa_offset 16
 16260 0004 00AF     		add	r7, sp, #0
 16261              		.cfi_offset 7, -4
 16262              	.LCFI2:
 16263              		.cfi_def_cfa_register 7
 16264 0006 0346     		mov	r3, r0
 16265 0008 FB80     		strh	r3, [r7, #6]	@ movhi
  94:../StdPeripheralDriver/src/stm32f10x_iwdg.c ****   /* Check the parameters */
  95:../StdPeripheralDriver/src/stm32f10x_iwdg.c ****   assert_param(IS_IWDG_WRITE_ACCESS(IWDG_WriteAccess));
  96:../StdPeripheralDriver/src/stm32f10x_iwdg.c ****   IWDG->KR = IWDG_WriteAccess;
 16266              		.loc 1 96 0
 16267 000a 044B     		ldr	r3, .L2
 16268 000c FA88     		ldrh	r2, [r7, #6]
 16269 000e 1A60     		str	r2, [r3, #0]
  97:../StdPeripheralDriver/src/stm32f10x_iwdg.c **** }
 16270              		.loc 1 97 0
 16271 0010 07F10C07 		add	r7, r7, #12
 16272 0014 BD46     		mov	sp, r7
 16273 0016 80BC     		pop	{r7}
 16274 0018 7047     		bx	lr
 16275              	.L3:
 16276 001a 00BF     		.align	2
 16277              	.L2:
 16278 001c 00300040 		.word	1073754112
 16279              		.cfi_endproc
 16280              	.LFE29:
 16282              		.section	.text.IWDG_SetPrescaler,"ax",%progbits
 16283              		.align	2
 16284              		.global	IWDG_SetPrescaler
 16285              		.thumb
 16286              		.thumb_func
 16288              	IWDG_SetPrescaler:
 16289              	.LFB30:
  98:../StdPeripheralDriver/src/stm32f10x_iwdg.c **** 
  99:../StdPeripheralDriver/src/stm32f10x_iwdg.c **** /**
 100:../StdPeripheralDriver/src/stm32f10x_iwdg.c ****   * @brief  Sets IWDG Prescaler value.
 101:../StdPeripheralDriver/src/stm32f10x_iwdg.c ****   * @param  IWDG_Prescaler: specifies the IWDG Prescaler value.
 102:../StdPeripheralDriver/src/stm32f10x_iwdg.c ****   *   This parameter can be one of the following values:
 103:../StdPeripheralDriver/src/stm32f10x_iwdg.c ****   *     @arg IWDG_Prescaler_4: IWDG prescaler set to 4
 104:../StdPeripheralDriver/src/stm32f10x_iwdg.c ****   *     @arg IWDG_Prescaler_8: IWDG prescaler set to 8
 105:../StdPeripheralDriver/src/stm32f10x_iwdg.c ****   *     @arg IWDG_Prescaler_16: IWDG prescaler set to 16
 106:../StdPeripheralDriver/src/stm32f10x_iwdg.c ****   *     @arg IWDG_Prescaler_32: IWDG prescaler set to 32
 107:../StdPeripheralDriver/src/stm32f10x_iwdg.c ****   *     @arg IWDG_Prescaler_64: IWDG prescaler set to 64
 108:../StdPeripheralDriver/src/stm32f10x_iwdg.c ****   *     @arg IWDG_Prescaler_128: IWDG prescaler set to 128
 109:../StdPeripheralDriver/src/stm32f10x_iwdg.c ****   *     @arg IWDG_Prescaler_256: IWDG prescaler set to 256
 110:../StdPeripheralDriver/src/stm32f10x_iwdg.c ****   * @retval None
 111:../StdPeripheralDriver/src/stm32f10x_iwdg.c ****   */
 112:../StdPeripheralDriver/src/stm32f10x_iwdg.c **** void IWDG_SetPrescaler(uint8_t IWDG_Prescaler)
 113:../StdPeripheralDriver/src/stm32f10x_iwdg.c **** {
 16290              		.loc 1 113 0
 16291              		.cfi_startproc
 16292              		@ args = 0, pretend = 0, frame = 8
 16293              		@ frame_needed = 1, uses_anonymous_args = 0
 16294              		@ link register save eliminated.
 16295 0000 80B4     		push	{r7}
 16296              	.LCFI3:
 16297              		.cfi_def_cfa_offset 4
 16298 0002 83B0     		sub	sp, sp, #12
 16299              	.LCFI4:
 16300              		.cfi_def_cfa_offset 16
 16301 0004 00AF     		add	r7, sp, #0
 16302              		.cfi_offset 7, -4
 16303              	.LCFI5:
 16304              		.cfi_def_cfa_register 7
 16305 0006 0346     		mov	r3, r0
 16306 0008 FB71     		strb	r3, [r7, #7]
 114:../StdPeripheralDriver/src/stm32f10x_iwdg.c ****   /* Check the parameters */
 115:../StdPeripheralDriver/src/stm32f10x_iwdg.c ****   assert_param(IS_IWDG_PRESCALER(IWDG_Prescaler));
 116:../StdPeripheralDriver/src/stm32f10x_iwdg.c ****   IWDG->PR = IWDG_Prescaler;
 16307              		.loc 1 116 0
 16308 000a 044B     		ldr	r3, .L5
 16309 000c FA79     		ldrb	r2, [r7, #7]	@ zero_extendqisi2
 16310 000e 5A60     		str	r2, [r3, #4]
 117:../StdPeripheralDriver/src/stm32f10x_iwdg.c **** }
 16311              		.loc 1 117 0
 16312 0010 07F10C07 		add	r7, r7, #12
 16313 0014 BD46     		mov	sp, r7
 16314 0016 80BC     		pop	{r7}
 16315 0018 7047     		bx	lr
 16316              	.L6:
 16317 001a 00BF     		.align	2
 16318              	.L5:
 16319 001c 00300040 		.word	1073754112
 16320              		.cfi_endproc
 16321              	.LFE30:
 16323              		.section	.text.IWDG_SetReload,"ax",%progbits
 16324              		.align	2
 16325              		.global	IWDG_SetReload
 16326              		.thumb
 16327              		.thumb_func
 16329              	IWDG_SetReload:
 16330              	.LFB31:
 118:../StdPeripheralDriver/src/stm32f10x_iwdg.c **** 
 119:../StdPeripheralDriver/src/stm32f10x_iwdg.c **** /**
 120:../StdPeripheralDriver/src/stm32f10x_iwdg.c ****   * @brief  Sets IWDG Reload value.
 121:../StdPeripheralDriver/src/stm32f10x_iwdg.c ****   * @param  Reload: specifies the IWDG Reload value.
 122:../StdPeripheralDriver/src/stm32f10x_iwdg.c ****   *   This parameter must be a number between 0 and 0x0FFF.
 123:../StdPeripheralDriver/src/stm32f10x_iwdg.c ****   * @retval None
 124:../StdPeripheralDriver/src/stm32f10x_iwdg.c ****   */
 125:../StdPeripheralDriver/src/stm32f10x_iwdg.c **** void IWDG_SetReload(uint16_t Reload)
 126:../StdPeripheralDriver/src/stm32f10x_iwdg.c **** {
 16331              		.loc 1 126 0
 16332              		.cfi_startproc
 16333              		@ args = 0, pretend = 0, frame = 8
 16334              		@ frame_needed = 1, uses_anonymous_args = 0
 16335              		@ link register save eliminated.
 16336 0000 80B4     		push	{r7}
 16337              	.LCFI6:
 16338              		.cfi_def_cfa_offset 4
 16339 0002 83B0     		sub	sp, sp, #12
 16340              	.LCFI7:
 16341              		.cfi_def_cfa_offset 16
 16342 0004 00AF     		add	r7, sp, #0
 16343              		.cfi_offset 7, -4
 16344              	.LCFI8:
 16345              		.cfi_def_cfa_register 7
 16346 0006 0346     		mov	r3, r0
 16347 0008 FB80     		strh	r3, [r7, #6]	@ movhi
 127:../StdPeripheralDriver/src/stm32f10x_iwdg.c ****   /* Check the parameters */
 128:../StdPeripheralDriver/src/stm32f10x_iwdg.c ****   assert_param(IS_IWDG_RELOAD(Reload));
 129:../StdPeripheralDriver/src/stm32f10x_iwdg.c ****   IWDG->RLR = Reload;
 16348              		.loc 1 129 0
 16349 000a 044B     		ldr	r3, .L8
 16350 000c FA88     		ldrh	r2, [r7, #6]
 16351 000e 9A60     		str	r2, [r3, #8]
 130:../StdPeripheralDriver/src/stm32f10x_iwdg.c **** }
 16352              		.loc 1 130 0
 16353 0010 07F10C07 		add	r7, r7, #12
 16354 0014 BD46     		mov	sp, r7
 16355 0016 80BC     		pop	{r7}
 16356 0018 7047     		bx	lr
 16357              	.L9:
 16358 001a 00BF     		.align	2
 16359              	.L8:
 16360 001c 00300040 		.word	1073754112
 16361              		.cfi_endproc
 16362              	.LFE31:
 16364              		.section	.text.IWDG_ReloadCounter,"ax",%progbits
 16365              		.align	2
 16366              		.global	IWDG_ReloadCounter
 16367              		.thumb
 16368              		.thumb_func
 16370              	IWDG_ReloadCounter:
 16371              	.LFB32:
 131:../StdPeripheralDriver/src/stm32f10x_iwdg.c **** 
 132:../StdPeripheralDriver/src/stm32f10x_iwdg.c **** /**
 133:../StdPeripheralDriver/src/stm32f10x_iwdg.c ****   * @brief  Reloads IWDG counter with value defined in the reload register
 134:../StdPeripheralDriver/src/stm32f10x_iwdg.c ****   *   (write access to IWDG_PR and IWDG_RLR registers disabled).
 135:../StdPeripheralDriver/src/stm32f10x_iwdg.c ****   * @param  None
 136:../StdPeripheralDriver/src/stm32f10x_iwdg.c ****   * @retval None
 137:../StdPeripheralDriver/src/stm32f10x_iwdg.c ****   */
 138:../StdPeripheralDriver/src/stm32f10x_iwdg.c **** void IWDG_ReloadCounter(void)
 139:../StdPeripheralDriver/src/stm32f10x_iwdg.c **** {
 16372              		.loc 1 139 0
 16373              		.cfi_startproc
 16374              		@ args = 0, pretend = 0, frame = 0
 16375              		@ frame_needed = 1, uses_anonymous_args = 0
 16376              		@ link register save eliminated.
 16377 0000 80B4     		push	{r7}
 16378              	.LCFI9:
 16379              		.cfi_def_cfa_offset 4
 16380 0002 00AF     		add	r7, sp, #0
 16381              		.cfi_offset 7, -4
 16382              	.LCFI10:
 16383              		.cfi_def_cfa_register 7
 140:../StdPeripheralDriver/src/stm32f10x_iwdg.c ****   IWDG->KR = KR_KEY_Reload;
 16384              		.loc 1 140 0
 16385 0004 034B     		ldr	r3, .L11
 16386 0006 4AF6AA22 		movw	r2, #43690
 16387 000a 1A60     		str	r2, [r3, #0]
 141:../StdPeripheralDriver/src/stm32f10x_iwdg.c **** }
 16388              		.loc 1 141 0
 16389 000c BD46     		mov	sp, r7
 16390 000e 80BC     		pop	{r7}
 16391 0010 7047     		bx	lr
 16392              	.L12:
 16393 0012 00BF     		.align	2
 16394              	.L11:
 16395 0014 00300040 		.word	1073754112
 16396              		.cfi_endproc
 16397              	.LFE32:
 16399              		.section	.text.IWDG_Enable,"ax",%progbits
 16400              		.align	2
 16401              		.global	IWDG_Enable
 16402              		.thumb
 16403              		.thumb_func
 16405              	IWDG_Enable:
 16406              	.LFB33:
 142:../StdPeripheralDriver/src/stm32f10x_iwdg.c **** 
 143:../StdPeripheralDriver/src/stm32f10x_iwdg.c **** /**
 144:../StdPeripheralDriver/src/stm32f10x_iwdg.c ****   * @brief  Enables IWDG (write access to IWDG_PR and IWDG_RLR registers disabled).
 145:../StdPeripheralDriver/src/stm32f10x_iwdg.c ****   * @param  None
 146:../StdPeripheralDriver/src/stm32f10x_iwdg.c ****   * @retval None
 147:../StdPeripheralDriver/src/stm32f10x_iwdg.c ****   */
 148:../StdPeripheralDriver/src/stm32f10x_iwdg.c **** void IWDG_Enable(void)
 149:../StdPeripheralDriver/src/stm32f10x_iwdg.c **** {
 16407              		.loc 1 149 0
 16408              		.cfi_startproc
 16409              		@ args = 0, pretend = 0, frame = 0
 16410              		@ frame_needed = 1, uses_anonymous_args = 0
 16411              		@ link register save eliminated.
 16412 0000 80B4     		push	{r7}
 16413              	.LCFI11:
 16414              		.cfi_def_cfa_offset 4
 16415 0002 00AF     		add	r7, sp, #0
 16416              		.cfi_offset 7, -4
 16417              	.LCFI12:
 16418              		.cfi_def_cfa_register 7
 150:../StdPeripheralDriver/src/stm32f10x_iwdg.c ****   IWDG->KR = KR_KEY_Enable;
 16419              		.loc 1 150 0
 16420 0004 034B     		ldr	r3, .L14
 16421 0006 4CF6CC42 		movw	r2, #52428
 16422 000a 1A60     		str	r2, [r3, #0]
 151:../StdPeripheralDriver/src/stm32f10x_iwdg.c **** }
 16423              		.loc 1 151 0
 16424 000c BD46     		mov	sp, r7
 16425 000e 80BC     		pop	{r7}
 16426 0010 7047     		bx	lr
 16427              	.L15:
 16428 0012 00BF     		.align	2
 16429              	.L14:
 16430 0014 00300040 		.word	1073754112
 16431              		.cfi_endproc
 16432              	.LFE33:
 16434              		.section	.text.IWDG_GetFlagStatus,"ax",%progbits
 16435              		.align	2
 16436              		.global	IWDG_GetFlagStatus
 16437              		.thumb
 16438              		.thumb_func
 16440              	IWDG_GetFlagStatus:
 16441              	.LFB34:
 152:../StdPeripheralDriver/src/stm32f10x_iwdg.c **** 
 153:../StdPeripheralDriver/src/stm32f10x_iwdg.c **** /**
 154:../StdPeripheralDriver/src/stm32f10x_iwdg.c ****   * @brief  Checks whether the specified IWDG flag is set or not.
 155:../StdPeripheralDriver/src/stm32f10x_iwdg.c ****   * @param  IWDG_FLAG: specifies the flag to check.
 156:../StdPeripheralDriver/src/stm32f10x_iwdg.c ****   *   This parameter can be one of the following values:
 157:../StdPeripheralDriver/src/stm32f10x_iwdg.c ****   *     @arg IWDG_FLAG_PVU: Prescaler Value Update on going
 158:../StdPeripheralDriver/src/stm32f10x_iwdg.c ****   *     @arg IWDG_FLAG_RVU: Reload Value Update on going
 159:../StdPeripheralDriver/src/stm32f10x_iwdg.c ****   * @retval The new state of IWDG_FLAG (SET or RESET).
 160:../StdPeripheralDriver/src/stm32f10x_iwdg.c ****   */
 161:../StdPeripheralDriver/src/stm32f10x_iwdg.c **** FlagStatus IWDG_GetFlagStatus(uint16_t IWDG_FLAG)
 162:../StdPeripheralDriver/src/stm32f10x_iwdg.c **** {
 16442              		.loc 1 162 0
 16443              		.cfi_startproc
 16444              		@ args = 0, pretend = 0, frame = 16
 16445              		@ frame_needed = 1, uses_anonymous_args = 0
 16446              		@ link register save eliminated.
 16447 0000 80B4     		push	{r7}
 16448              	.LCFI13:
 16449              		.cfi_def_cfa_offset 4
 16450 0002 85B0     		sub	sp, sp, #20
 16451              	.LCFI14:
 16452              		.cfi_def_cfa_offset 24
 16453 0004 00AF     		add	r7, sp, #0
 16454              		.cfi_offset 7, -4
 16455              	.LCFI15:
 16456              		.cfi_def_cfa_register 7
 16457 0006 0346     		mov	r3, r0
 16458 0008 FB80     		strh	r3, [r7, #6]	@ movhi
 163:../StdPeripheralDriver/src/stm32f10x_iwdg.c ****   FlagStatus bitstatus = RESET;
 16459              		.loc 1 163 0
 16460 000a 4FF00003 		mov	r3, #0
 16461 000e FB73     		strb	r3, [r7, #15]
 164:../StdPeripheralDriver/src/stm32f10x_iwdg.c ****   /* Check the parameters */
 165:../StdPeripheralDriver/src/stm32f10x_iwdg.c ****   assert_param(IS_IWDG_FLAG(IWDG_FLAG));
 166:../StdPeripheralDriver/src/stm32f10x_iwdg.c ****   if ((IWDG->SR & IWDG_FLAG) != (uint32_t)RESET)
 16462              		.loc 1 166 0
 16463 0010 0A4B     		ldr	r3, .L19
 16464 0012 DA68     		ldr	r2, [r3, #12]
 16465 0014 FB88     		ldrh	r3, [r7, #6]
 16466 0016 02EA0303 		and	r3, r2, r3
 16467 001a 002B     		cmp	r3, #0
 16468 001c 03D0     		beq	.L17
 167:../StdPeripheralDriver/src/stm32f10x_iwdg.c ****   {
 168:../StdPeripheralDriver/src/stm32f10x_iwdg.c ****     bitstatus = SET;
 16469              		.loc 1 168 0
 16470 001e 4FF00103 		mov	r3, #1
 16471 0022 FB73     		strb	r3, [r7, #15]
 16472 0024 02E0     		b	.L18
 16473              	.L17:
 169:../StdPeripheralDriver/src/stm32f10x_iwdg.c ****   }
 170:../StdPeripheralDriver/src/stm32f10x_iwdg.c ****   else
 171:../StdPeripheralDriver/src/stm32f10x_iwdg.c ****   {
 172:../StdPeripheralDriver/src/stm32f10x_iwdg.c ****     bitstatus = RESET;
 16474              		.loc 1 172 0
 16475 0026 4FF00003 		mov	r3, #0
 16476 002a FB73     		strb	r3, [r7, #15]
 16477              	.L18:
 173:../StdPeripheralDriver/src/stm32f10x_iwdg.c ****   }
 174:../StdPeripheralDriver/src/stm32f10x_iwdg.c ****   /* Return the flag status */
 175:../StdPeripheralDriver/src/stm32f10x_iwdg.c ****   return bitstatus;
 16478              		.loc 1 175 0
 16479 002c FB7B     		ldrb	r3, [r7, #15]	@ zero_extendqisi2
 176:../StdPeripheralDriver/src/stm32f10x_iwdg.c **** }
 16480              		.loc 1 176 0
 16481 002e 1846     		mov	r0, r3
 16482 0030 07F11407 		add	r7, r7, #20
 16483 0034 BD46     		mov	sp, r7
 16484 0036 80BC     		pop	{r7}
 16485 0038 7047     		bx	lr
 16486              	.L20:
 16487 003a 00BF     		.align	2
 16488              	.L19:
 16489 003c 00300040 		.word	1073754112
 16490              		.cfi_endproc
 16491              	.LFE34:
 16493              		.text
 16494              	.Letext0:
DEFINED SYMBOLS
                            *ABS*:00000000 stm32f10x_iwdg.c
     /tmp/ccWHlOin.s:16242  .text.IWDG_WriteAccessCmd:00000000 $t
     /tmp/ccWHlOin.s:16247  .text.IWDG_WriteAccessCmd:00000000 IWDG_WriteAccessCmd
     /tmp/ccWHlOin.s:16278  .text.IWDG_WriteAccessCmd:0000001c $d
     /tmp/ccWHlOin.s:16283  .text.IWDG_SetPrescaler:00000000 $t
     /tmp/ccWHlOin.s:16288  .text.IWDG_SetPrescaler:00000000 IWDG_SetPrescaler
     /tmp/ccWHlOin.s:16319  .text.IWDG_SetPrescaler:0000001c $d
     /tmp/ccWHlOin.s:16324  .text.IWDG_SetReload:00000000 $t
     /tmp/ccWHlOin.s:16329  .text.IWDG_SetReload:00000000 IWDG_SetReload
     /tmp/ccWHlOin.s:16360  .text.IWDG_SetReload:0000001c $d
     /tmp/ccWHlOin.s:16365  .text.IWDG_ReloadCounter:00000000 $t
     /tmp/ccWHlOin.s:16370  .text.IWDG_ReloadCounter:00000000 IWDG_ReloadCounter
     /tmp/ccWHlOin.s:16395  .text.IWDG_ReloadCounter:00000014 $d
     /tmp/ccWHlOin.s:16400  .text.IWDG_Enable:00000000 $t
     /tmp/ccWHlOin.s:16405  .text.IWDG_Enable:00000000 IWDG_Enable
     /tmp/ccWHlOin.s:16430  .text.IWDG_Enable:00000014 $d
     /tmp/ccWHlOin.s:16435  .text.IWDG_GetFlagStatus:00000000 $t
     /tmp/ccWHlOin.s:16440  .text.IWDG_GetFlagStatus:00000000 IWDG_GetFlagStatus
     /tmp/ccWHlOin.s:16489  .text.IWDG_GetFlagStatus:0000003c $d
                     .debug_frame:00000010 $d

NO UNDEFINED SYMBOLS
